
* Started at 2021-01-05T02:16:17.315556Z

* Settings
Project dir: ../..
Output dir: reports/profile_01-04-2021_20:16
Profiler: none
Benchmark: true
Versions: []
Gradle User Home: /Users/rbusarow/.gradle-profiler-user-home
Targets: []
Builds: 10

* Inspecting the build using its default Gradle version
> Task :buildSrc:extractPrecompiledScriptPluginPlugins UP-TO-DATE
> Task :buildSrc:generateExternalPluginSpecBuilders UP-TO-DATE
> Task :buildSrc:compilePluginsBlocks UP-TO-DATE
> Task :buildSrc:generatePrecompiledScriptPluginAccessors UP-TO-DATE
> Task :buildSrc:configurePrecompiledScriptDependenciesResolver
> Task :buildSrc:generateScriptPluginAdapters UP-TO-DATE
> Task :buildSrc:compileKotlin UP-TO-DATE
> Task :buildSrc:compileJava NO-SOURCE
> Task :buildSrc:compileGroovy NO-SOURCE
> Task :buildSrc:pluginDescriptors UP-TO-DATE
> Task :buildSrc:processResources UP-TO-DATE
> Task :buildSrc:classes UP-TO-DATE
> Task :buildSrc:inspectClassesForKotlinIC UP-TO-DATE
> Task :buildSrc:jar UP-TO-DATE
> Task :buildSrc:assemble UP-TO-DATE
> Task :buildSrc:compileTestKotlin NO-SOURCE
> Task :buildSrc:pluginUnderTestMetadata
> Task :buildSrc:compileTestJava NO-SOURCE
> Task :buildSrc:compileTestGroovy NO-SOURCE
> Task :buildSrc:processTestResources NO-SOURCE
> Task :buildSrc:testClasses UP-TO-DATE
> Task :buildSrc:test NO-SOURCE
> Task :buildSrc:validatePlugins UP-TO-DATE
> Task :buildSrc:check UP-TO-DATE
> Task :buildSrc:build UP-TO-DATE

> Configure project :plugin
WARNING: Unsupported Kotlin plugin version.
The `embedded-kotlin` and `kotlin-dsl` plugins rely on features of Kotlin `1.4.20` that might work differently than in the requested version `1.4.21`.

> Task :help

Welcome to Gradle 6.8-rc-4.

To run a build, run gradle <task> ...

To see a list of available tasks, run gradle tasks

To see a list of command-line options, run gradle --help

To see more detail about a task, run gradle help --task <task>

For troubleshooting, visit https://help.gradle.org

BUILD SUCCESSFUL in 6s
1 actionable task: 1 executed

Publishing build scan...
https://gradle.com/s/furocgzfhjmmw


* Stopping daemons
Running command /Users/rbusarow/.gradle-profiler-user-home/wrapper/dists/gradle-6.8-rc-4-bin/3epnh8olf7pivejgy314eg3hc/gradle-6.8-rc-4/bin/gradle --stop --gradle-user-home /Users/rbusarow/.gradle-profiler-user-home
Stopping Daemon(s)
1 Daemon stopped

There were some problems with the profiler configuration:
- Scenario Clean Build using Gradle 6.8-rc-4: You can not skip warm-ups when profiling or benchmarking a Gradle build. Use --no-daemon or --cold-daemon if you want to profile or benchmark JVM startup

java.lang.IllegalArgumentException: There were some problems with the profiler configuration. Please see the log output for details.
	at org.gradle.profiler.ScenarioLoader.loadScenarios(ScenarioLoader.java:149)
	at org.gradle.profiler.Main.run(Main.java:49)
	at org.gradle.profiler.Main.main(Main.java:18)

