
* Started at 2021-01-04T18:12:07.235142Z

* Settings
Project dir: ../..
Output dir: reports/profile_01-04-2021_12:12
Profiler: none
Benchmark: true
Versions: []
Gradle User Home: /Users/rbusarow/.gradle-profiler-user-home
Targets: []
Builds: 10

* Inspecting the build using its default Gradle version
Downloading https://services.gradle.org/distributions/gradle-6.8-rc-4-bin.zip
......................................................................................................
> Task :buildSrc:extractPrecompiledScriptPluginPlugins UP-TO-DATE
> Task :buildSrc:generateExternalPluginSpecBuilders UP-TO-DATE
> Task :buildSrc:compilePluginsBlocks UP-TO-DATE
> Task :buildSrc:generatePrecompiledScriptPluginAccessors UP-TO-DATE
> Task :buildSrc:configurePrecompiledScriptDependenciesResolver
> Task :buildSrc:generateScriptPluginAdapters UP-TO-DATE
> Task :buildSrc:compileKotlin UP-TO-DATE
> Task :buildSrc:compileJava NO-SOURCE
> Task :buildSrc:compileGroovy NO-SOURCE
> Task :buildSrc:pluginDescriptors UP-TO-DATE
> Task :buildSrc:processResources UP-TO-DATE
> Task :buildSrc:classes UP-TO-DATE
> Task :buildSrc:inspectClassesForKotlinIC UP-TO-DATE
> Task :buildSrc:jar UP-TO-DATE
> Task :buildSrc:assemble UP-TO-DATE
> Task :buildSrc:compileTestKotlin NO-SOURCE
> Task :buildSrc:pluginUnderTestMetadata
> Task :buildSrc:compileTestJava NO-SOURCE
> Task :buildSrc:compileTestGroovy NO-SOURCE
> Task :buildSrc:processTestResources NO-SOURCE
> Task :buildSrc:testClasses UP-TO-DATE
> Task :buildSrc:test NO-SOURCE
> Task :buildSrc:validatePlugins UP-TO-DATE
> Task :buildSrc:check UP-TO-DATE
> Task :buildSrc:build UP-TO-DATE

> Configure project :plugin
WARNING: Unsupported Kotlin plugin version.
The `embedded-kotlin` and `kotlin-dsl` plugins rely on features of Kotlin `1.4.20` that might work differently than in the requested version `1.4.21`.

> Task :help

Welcome to Gradle 6.8-rc-4.

To run a build, run gradle <task> ...

To see a list of available tasks, run gradle tasks

To see a list of command-line options, run gradle --help

To see more detail about a task, run gradle help --task <task>

For troubleshooting, visit https://help.gradle.org

BUILD SUCCESSFUL in 2m 2s
1 actionable task: 1 executed

Publishing build scan...
https://gradle.com/s/vqepcvvzf5nts


* Stopping daemons
Running command /Users/rbusarow/.gradle-profiler-user-home/wrapper/dists/gradle-6.8-rc-4-bin/3epnh8olf7pivejgy314eg3hc/gradle-6.8-rc-4/bin/gradle --stop --gradle-user-home /Users/rbusarow/.gradle-profiler-user-home

Welcome to Gradle 6.8-rc-4!

Here are the highlights of this release:
 - Faster Kotlin DSL script compilation
 - Vendor selection for Java toolchains
 - Convenient execution of tasks in composite builds
 - Consistent dependency resolution

For more details see https://docs.gradle.org/6.8-rc-4/release-notes.html

Stopping Daemon(s)
1 Daemon stopped

* Scenarios
Scenario: Clean Build using Gradle 6.8-rc-4
  Gradle 6.8-rc-4 (/Users/rbusarow/.gradle-profiler-user-home/wrapper/dists/gradle-6.8-rc-4-bin/3epnh8olf7pivejgy314eg3hc/gradle-6.8-rc-4)
  Run using: Tooling API
  Run: run tasks assemble
  Cleanup: run tasks clean
  Gradle args: []
  Build changes: []
  Warm-ups: 3
  Builds: 10
Scenario: All Tests using Gradle 6.8-rc-4
  Gradle 6.8-rc-4 (/Users/rbusarow/.gradle-profiler-user-home/wrapper/dists/gradle-6.8-rc-4-bin/3epnh8olf7pivejgy314eg3hc/gradle-6.8-rc-4)
  Run using: Tooling API
  Run: run tasks testJvm
  Cleanup: run tasks clean
  Gradle args: [--rerun-tasks, --continue]
  Build changes: []
  Warm-ups: 3
  Builds: 10

* Running scenario Clean Build using Gradle 6.8-rc-4 (scenario 1/2)

* Stopping daemons
Running command /Users/rbusarow/.gradle-profiler-user-home/wrapper/dists/gradle-6.8-rc-4-bin/3epnh8olf7pivejgy314eg3hc/gradle-6.8-rc-4/bin/gradle --stop --gradle-user-home /Users/rbusarow/.gradle-profiler-user-home
No Gradle daemons are running.

* Build details
Gradle version: Gradle 6.8-rc-4
Java home: /Library/Java/JavaVirtualMachines/adoptopenjdk-11.jdk/Contents/Home
OS: mac os x x86_64 10.16
JVM args:
  -XX:+UseParallelGC
  --add-opens
  java.base/java.util=ALL-UNNAMED
  --add-opens
  java.base/java.lang=ALL-UNNAMED
  --add-opens
  java.base/java.lang.invoke=ALL-UNNAMED
  --add-opens
  java.prefs/java.util.prefs=ALL-UNNAMED
  -Xmx2048m
  -Dfile.encoding=UTF-8
  -Duser.country=US
  -Duser.language=en
  -Duser.variant
  -Dfile.encoding=UTF-8
  -Dorg.gradle.profiler.scenario=clean_build
Gradle args:
  --gradle-user-home
  /Users/rbusarow/.gradle-profiler-user-home
  -I
  /private/var/folders/nz/qq91q4w53ngds96m8cq1sdsr0000gn/T/gradleProfiler18202466972273792543.gradle

* Running cleanup for warm-up build #1
> Task :buildSrc:extractPrecompiledScriptPluginPlugins UP-TO-DATE
> Task :buildSrc:generateExternalPluginSpecBuilders UP-TO-DATE
> Task :buildSrc:compilePluginsBlocks UP-TO-DATE
> Task :buildSrc:generatePrecompiledScriptPluginAccessors UP-TO-DATE
> Task :buildSrc:configurePrecompiledScriptDependenciesResolver
> Task :buildSrc:generateScriptPluginAdapters UP-TO-DATE
> Task :buildSrc:compileKotlin UP-TO-DATE
> Task :buildSrc:compileJava NO-SOURCE
> Task :buildSrc:compileGroovy NO-SOURCE
> Task :buildSrc:pluginDescriptors UP-TO-DATE
> Task :buildSrc:processResources UP-TO-DATE
> Task :buildSrc:classes UP-TO-DATE
> Task :buildSrc:inspectClassesForKotlinIC UP-TO-DATE
> Task :buildSrc:jar UP-TO-DATE
> Task :buildSrc:assemble UP-TO-DATE
> Task :buildSrc:compileTestKotlin NO-SOURCE
> Task :buildSrc:pluginUnderTestMetadata UP-TO-DATE
> Task :buildSrc:compileTestJava NO-SOURCE
> Task :buildSrc:compileTestGroovy NO-SOURCE
> Task :buildSrc:processTestResources NO-SOURCE
> Task :buildSrc:testClasses UP-TO-DATE
> Task :buildSrc:test NO-SOURCE
> Task :buildSrc:validatePlugins UP-TO-DATE
> Task :buildSrc:check UP-TO-DATE
> Task :buildSrc:build UP-TO-DATE

> Configure project :plugin
WARNING: Unsupported Kotlin plugin version.
The `embedded-kotlin` and `kotlin-dsl` plugins rely on features of Kotlin `1.4.20` that might work differently than in the requested version `1.4.21`.

> Task :clean
> Task :specs:clean
> Task :plugin:clean

BUILD SUCCESSFUL in 9s
3 actionable tasks: 3 executed

Publishing build scan...
https://gradle.com/s/6m7dddfheovo4

Used daemon with pid 6439

* Running warm-up build #1
> Task :buildSrc:extractPrecompiledScriptPluginPlugins UP-TO-DATE
> Task :buildSrc:generateExternalPluginSpecBuilders UP-TO-DATE
> Task :buildSrc:compilePluginsBlocks UP-TO-DATE
> Task :buildSrc:generatePrecompiledScriptPluginAccessors UP-TO-DATE
> Task :buildSrc:configurePrecompiledScriptDependenciesResolver
> Task :buildSrc:generateScriptPluginAdapters UP-TO-DATE
> Task :buildSrc:compileKotlin UP-TO-DATE
> Task :buildSrc:compileJava NO-SOURCE
> Task :buildSrc:compileGroovy NO-SOURCE
> Task :buildSrc:pluginDescriptors UP-TO-DATE
> Task :buildSrc:processResources UP-TO-DATE
> Task :buildSrc:classes UP-TO-DATE
> Task :buildSrc:inspectClassesForKotlinIC UP-TO-DATE
> Task :buildSrc:jar UP-TO-DATE
> Task :buildSrc:assemble UP-TO-DATE
> Task :buildSrc:compileTestKotlin NO-SOURCE
> Task :buildSrc:pluginUnderTestMetadata UP-TO-DATE
> Task :buildSrc:compileTestJava NO-SOURCE
> Task :buildSrc:compileTestGroovy NO-SOURCE
> Task :buildSrc:processTestResources NO-SOURCE
> Task :buildSrc:testClasses UP-TO-DATE
> Task :buildSrc:test NO-SOURCE
> Task :buildSrc:validatePlugins UP-TO-DATE
> Task :buildSrc:check UP-TO-DATE
> Task :buildSrc:build UP-TO-DATE

> Configure project :plugin
WARNING: Unsupported Kotlin plugin version.
The `embedded-kotlin` and `kotlin-dsl` plugins rely on features of Kotlin `1.4.20` that might work differently than in the requested version `1.4.21`.

> Task :compileKotlin NO-SOURCE
> Task :compileJava NO-SOURCE
> Task :processResources NO-SOURCE
> Task :classes UP-TO-DATE
> Task :inspectClassesForKotlinIC
> Task :jar
> Task :assemble
> Task :specs:compileKotlin
> Task :specs:compileJava NO-SOURCE
> Task :specs:processResources NO-SOURCE
> Task :specs:classes UP-TO-DATE
> Task :specs:inspectClassesForKotlinIC
> Task :specs:jar
> Task :specs:assemble

> Task :plugin:compileKotlin
w: /Users/rbusarow/projects/AndroidStudio/ModuleCheck/plugin/src/main/kotlin/com/rickbusarow/modulecheck/rule/android/DisableAndroidResourcesRule.kt: (67, 9): Variable 'ktFile' is never used
w: /Users/rbusarow/projects/AndroidStudio/ModuleCheck/plugin/src/main/kotlin/com/rickbusarow/modulecheck/rule/android/DisableViewBindingRule.kt: (65, 9): Variable 'ktFile' is never used

> Task :plugin:compileJava NO-SOURCE
> Task :plugin:pluginDescriptors
> Task :plugin:processResources
> Task :plugin:classes
> Task :plugin:inspectClassesForKotlinIC
> Task :plugin:jar
> Task :plugin:publishPluginJar
> Task :plugin:javadoc NO-SOURCE
> Task :plugin:publishPluginJavaDocsJar
> Task :plugin:assemble

BUILD SUCCESSFUL in 28s
12 actionable tasks: 12 executed

Publishing build scan...
https://gradle.com/s/ddcp4ngstqvzw

Used daemon with pid 6439
Execution time 29044 ms

* Running cleanup for warm-up build #2
> Task :buildSrc:extractPrecompiledScriptPluginPlugins UP-TO-DATE
> Task :buildSrc:generateExternalPluginSpecBuilders UP-TO-DATE
> Task :buildSrc:compilePluginsBlocks UP-TO-DATE
> Task :buildSrc:generatePrecompiledScriptPluginAccessors UP-TO-DATE
> Task :buildSrc:configurePrecompiledScriptDependenciesResolver
> Task :buildSrc:generateScriptPluginAdapters UP-TO-DATE
> Task :buildSrc:compileKotlin UP-TO-DATE
> Task :buildSrc:compileJava NO-SOURCE
> Task :buildSrc:compileGroovy NO-SOURCE
> Task :buildSrc:pluginDescriptors UP-TO-DATE
> Task :buildSrc:processResources UP-TO-DATE
> Task :buildSrc:classes UP-TO-DATE
> Task :buildSrc:inspectClassesForKotlinIC UP-TO-DATE
> Task :buildSrc:jar UP-TO-DATE
> Task :buildSrc:assemble UP-TO-DATE
> Task :buildSrc:compileTestKotlin NO-SOURCE
> Task :buildSrc:pluginUnderTestMetadata UP-TO-DATE
> Task :buildSrc:compileTestJava NO-SOURCE
> Task :buildSrc:compileTestGroovy NO-SOURCE
> Task :buildSrc:processTestResources NO-SOURCE
> Task :buildSrc:testClasses UP-TO-DATE
> Task :buildSrc:test NO-SOURCE
> Task :buildSrc:validatePlugins UP-TO-DATE
> Task :buildSrc:check UP-TO-DATE
> Task :buildSrc:build UP-TO-DATE

> Configure project :plugin
WARNING: Unsupported Kotlin plugin version.
The `embedded-kotlin` and `kotlin-dsl` plugins rely on features of Kotlin `1.4.20` that might work differently than in the requested version `1.4.21`.

> Task :clean
> Task :specs:clean
> Task :plugin:clean

BUILD SUCCESSFUL in 971ms
3 actionable tasks: 3 executed

Publishing build scan...
https://gradle.com/s/6gawyunenyxlu

Used daemon with pid 6439

* Running warm-up build #2
> Task :buildSrc:extractPrecompiledScriptPluginPlugins UP-TO-DATE
> Task :buildSrc:generateExternalPluginSpecBuilders UP-TO-DATE
> Task :buildSrc:compilePluginsBlocks UP-TO-DATE
> Task :buildSrc:generatePrecompiledScriptPluginAccessors UP-TO-DATE
> Task :buildSrc:configurePrecompiledScriptDependenciesResolver
> Task :buildSrc:generateScriptPluginAdapters UP-TO-DATE
> Task :buildSrc:compileKotlin UP-TO-DATE
> Task :buildSrc:compileJava NO-SOURCE
> Task :buildSrc:compileGroovy NO-SOURCE
> Task :buildSrc:pluginDescriptors UP-TO-DATE
> Task :buildSrc:processResources UP-TO-DATE
> Task :buildSrc:classes UP-TO-DATE
> Task :buildSrc:inspectClassesForKotlinIC UP-TO-DATE
> Task :buildSrc:jar UP-TO-DATE
> Task :buildSrc:assemble UP-TO-DATE
> Task :buildSrc:compileTestKotlin NO-SOURCE
> Task :buildSrc:pluginUnderTestMetadata UP-TO-DATE
> Task :buildSrc:compileTestJava NO-SOURCE
> Task :buildSrc:compileTestGroovy NO-SOURCE
> Task :buildSrc:processTestResources NO-SOURCE
> Task :buildSrc:testClasses UP-TO-DATE
> Task :buildSrc:test NO-SOURCE
> Task :buildSrc:validatePlugins UP-TO-DATE
> Task :buildSrc:check UP-TO-DATE
> Task :buildSrc:build UP-TO-DATE

> Configure project :plugin
WARNING: Unsupported Kotlin plugin version.
The `embedded-kotlin` and `kotlin-dsl` plugins rely on features of Kotlin `1.4.20` that might work differently than in the requested version `1.4.21`.

> Task :compileKotlin NO-SOURCE
> Task :compileJava NO-SOURCE
> Task :processResources NO-SOURCE
> Task :classes UP-TO-DATE
> Task :inspectClassesForKotlinIC
> Task :jar
> Task :assemble
> Task :specs:compileKotlin FROM-CACHE
> Task :specs:compileJava NO-SOURCE
> Task :specs:processResources NO-SOURCE
> Task :specs:classes UP-TO-DATE
> Task :specs:inspectClassesForKotlinIC
> Task :specs:jar
> Task :specs:assemble
> Task :plugin:compileKotlin FROM-CACHE
> Task :plugin:compileJava NO-SOURCE
> Task :plugin:pluginDescriptors
> Task :plugin:processResources
> Task :plugin:classes
> Task :plugin:inspectClassesForKotlinIC
> Task :plugin:jar
> Task :plugin:publishPluginJar
> Task :plugin:javadoc NO-SOURCE
> Task :plugin:publishPluginJavaDocsJar
> Task :plugin:assemble

BUILD SUCCESSFUL in 1s
12 actionable tasks: 10 executed, 2 from cache

Publishing build scan...
https://gradle.com/s/zr2tpix3mwfo6

Used daemon with pid 6439
Execution time 1551 ms

* Running cleanup for warm-up build #3
> Task :buildSrc:extractPrecompiledScriptPluginPlugins UP-TO-DATE
> Task :buildSrc:generateExternalPluginSpecBuilders UP-TO-DATE
> Task :buildSrc:compilePluginsBlocks UP-TO-DATE
> Task :buildSrc:generatePrecompiledScriptPluginAccessors UP-TO-DATE
> Task :buildSrc:configurePrecompiledScriptDependenciesResolver
> Task :buildSrc:generateScriptPluginAdapters UP-TO-DATE
> Task :buildSrc:compileKotlin UP-TO-DATE
> Task :buildSrc:compileJava NO-SOURCE
> Task :buildSrc:compileGroovy NO-SOURCE
> Task :buildSrc:pluginDescriptors UP-TO-DATE
> Task :buildSrc:processResources UP-TO-DATE
> Task :buildSrc:classes UP-TO-DATE
> Task :buildSrc:inspectClassesForKotlinIC UP-TO-DATE
> Task :buildSrc:jar UP-TO-DATE
> Task :buildSrc:assemble UP-TO-DATE
> Task :buildSrc:compileTestKotlin NO-SOURCE
> Task :buildSrc:pluginUnderTestMetadata UP-TO-DATE
> Task :buildSrc:compileTestJava NO-SOURCE
> Task :buildSrc:compileTestGroovy NO-SOURCE
> Task :buildSrc:processTestResources NO-SOURCE
> Task :buildSrc:testClasses UP-TO-DATE
> Task :buildSrc:test NO-SOURCE
> Task :buildSrc:validatePlugins UP-TO-DATE
> Task :buildSrc:check UP-TO-DATE
> Task :buildSrc:build UP-TO-DATE

> Configure project :plugin
WARNING: Unsupported Kotlin plugin version.
The `embedded-kotlin` and `kotlin-dsl` plugins rely on features of Kotlin `1.4.20` that might work differently than in the requested version `1.4.21`.

> Task :clean
> Task :specs:clean
> Task :plugin:clean

BUILD SUCCESSFUL in 762ms
3 actionable tasks: 3 executed

Publishing build scan...
https://gradle.com/s/37wgwixvbzhws

Used daemon with pid 6439

* Running warm-up build #3
> Task :buildSrc:extractPrecompiledScriptPluginPlugins UP-TO-DATE
> Task :buildSrc:generateExternalPluginSpecBuilders UP-TO-DATE
> Task :buildSrc:compilePluginsBlocks UP-TO-DATE
> Task :buildSrc:generatePrecompiledScriptPluginAccessors UP-TO-DATE
> Task :buildSrc:configurePrecompiledScriptDependenciesResolver
> Task :buildSrc:generateScriptPluginAdapters UP-TO-DATE
> Task :buildSrc:compileKotlin UP-TO-DATE
> Task :buildSrc:compileJava NO-SOURCE
> Task :buildSrc:compileGroovy NO-SOURCE
> Task :buildSrc:pluginDescriptors UP-TO-DATE
> Task :buildSrc:processResources UP-TO-DATE
> Task :buildSrc:classes UP-TO-DATE
> Task :buildSrc:inspectClassesForKotlinIC UP-TO-DATE
> Task :buildSrc:jar UP-TO-DATE
> Task :buildSrc:assemble UP-TO-DATE
> Task :buildSrc:compileTestKotlin NO-SOURCE
> Task :buildSrc:pluginUnderTestMetadata UP-TO-DATE
> Task :buildSrc:compileTestJava NO-SOURCE
> Task :buildSrc:compileTestGroovy NO-SOURCE
> Task :buildSrc:processTestResources NO-SOURCE
> Task :buildSrc:testClasses UP-TO-DATE
> Task :buildSrc:test NO-SOURCE
> Task :buildSrc:validatePlugins UP-TO-DATE
> Task :buildSrc:check UP-TO-DATE
> Task :buildSrc:build UP-TO-DATE

> Configure project :plugin
WARNING: Unsupported Kotlin plugin version.
The `embedded-kotlin` and `kotlin-dsl` plugins rely on features of Kotlin `1.4.20` that might work differently than in the requested version `1.4.21`.

> Task :compileKotlin NO-SOURCE
> Task :compileJava NO-SOURCE
> Task :processResources NO-SOURCE
> Task :classes UP-TO-DATE
> Task :inspectClassesForKotlinIC
> Task :jar
> Task :assemble
> Task :specs:compileKotlin FROM-CACHE
> Task :specs:compileJava NO-SOURCE
> Task :specs:processResources NO-SOURCE
> Task :specs:classes UP-TO-DATE
> Task :specs:inspectClassesForKotlinIC
> Task :specs:jar
> Task :specs:assemble
> Task :plugin:compileKotlin FROM-CACHE
> Task :plugin:compileJava NO-SOURCE
> Task :plugin:pluginDescriptors
> Task :plugin:processResources
> Task :plugin:classes
> Task :plugin:inspectClassesForKotlinIC
> Task :plugin:jar
> Task :plugin:publishPluginJar
> Task :plugin:javadoc NO-SOURCE
> Task :plugin:publishPluginJavaDocsJar
> Task :plugin:assemble

BUILD SUCCESSFUL in 881ms
12 actionable tasks: 10 executed, 2 from cache

Publishing build scan...
https://gradle.com/s/dv6fayn63l74q

Used daemon with pid 6439
Execution time 1350 ms

* Using args for instrumented builds:

* Running cleanup for measured build #1
> Task :buildSrc:extractPrecompiledScriptPluginPlugins UP-TO-DATE
> Task :buildSrc:generateExternalPluginSpecBuilders UP-TO-DATE
> Task :buildSrc:compilePluginsBlocks UP-TO-DATE
> Task :buildSrc:generatePrecompiledScriptPluginAccessors UP-TO-DATE
> Task :buildSrc:configurePrecompiledScriptDependenciesResolver
> Task :buildSrc:generateScriptPluginAdapters UP-TO-DATE
> Task :buildSrc:compileKotlin UP-TO-DATE
> Task :buildSrc:compileJava NO-SOURCE
> Task :buildSrc:compileGroovy NO-SOURCE
> Task :buildSrc:pluginDescriptors UP-TO-DATE
> Task :buildSrc:processResources UP-TO-DATE
> Task :buildSrc:classes UP-TO-DATE
> Task :buildSrc:inspectClassesForKotlinIC UP-TO-DATE
> Task :buildSrc:jar UP-TO-DATE
> Task :buildSrc:assemble UP-TO-DATE
> Task :buildSrc:compileTestKotlin NO-SOURCE
> Task :buildSrc:pluginUnderTestMetadata UP-TO-DATE
> Task :buildSrc:compileTestJava NO-SOURCE
> Task :buildSrc:compileTestGroovy NO-SOURCE
> Task :buildSrc:processTestResources NO-SOURCE
> Task :buildSrc:testClasses UP-TO-DATE
> Task :buildSrc:test NO-SOURCE
> Task :buildSrc:validatePlugins UP-TO-DATE
> Task :buildSrc:check UP-TO-DATE
> Task :buildSrc:build UP-TO-DATE

> Configure project :plugin
WARNING: Unsupported Kotlin plugin version.
The `embedded-kotlin` and `kotlin-dsl` plugins rely on features of Kotlin `1.4.20` that might work differently than in the requested version `1.4.21`.

> Task :clean
> Task :specs:clean
> Task :plugin:clean

BUILD SUCCESSFUL in 459ms
3 actionable tasks: 3 executed

Publishing build scan...
https://gradle.com/s/hk3rcbbavpgl4

Used daemon with pid 6439

* Running measured build #1
> Task :buildSrc:extractPrecompiledScriptPluginPlugins UP-TO-DATE
> Task :buildSrc:generateExternalPluginSpecBuilders UP-TO-DATE
> Task :buildSrc:compilePluginsBlocks UP-TO-DATE
> Task :buildSrc:generatePrecompiledScriptPluginAccessors UP-TO-DATE
> Task :buildSrc:configurePrecompiledScriptDependenciesResolver
> Task :buildSrc:generateScriptPluginAdapters UP-TO-DATE
> Task :buildSrc:compileKotlin UP-TO-DATE
> Task :buildSrc:compileJava NO-SOURCE
> Task :buildSrc:compileGroovy NO-SOURCE
> Task :buildSrc:pluginDescriptors UP-TO-DATE
> Task :buildSrc:processResources UP-TO-DATE
> Task :buildSrc:classes UP-TO-DATE
> Task :buildSrc:inspectClassesForKotlinIC UP-TO-DATE
> Task :buildSrc:jar UP-TO-DATE
> Task :buildSrc:assemble UP-TO-DATE
> Task :buildSrc:compileTestKotlin NO-SOURCE
> Task :buildSrc:pluginUnderTestMetadata UP-TO-DATE
> Task :buildSrc:compileTestJava NO-SOURCE
> Task :buildSrc:compileTestGroovy NO-SOURCE
> Task :buildSrc:processTestResources NO-SOURCE
> Task :buildSrc:testClasses UP-TO-DATE
> Task :buildSrc:test NO-SOURCE
> Task :buildSrc:validatePlugins UP-TO-DATE
> Task :buildSrc:check UP-TO-DATE
> Task :buildSrc:build UP-TO-DATE

> Configure project :plugin
WARNING: Unsupported Kotlin plugin version.
The `embedded-kotlin` and `kotlin-dsl` plugins rely on features of Kotlin `1.4.20` that might work differently than in the requested version `1.4.21`.

> Task :compileKotlin NO-SOURCE
> Task :compileJava NO-SOURCE
> Task :processResources NO-SOURCE
> Task :classes UP-TO-DATE
> Task :inspectClassesForKotlinIC
> Task :jar
> Task :assemble
> Task :specs:compileKotlin FROM-CACHE
> Task :specs:compileJava NO-SOURCE
> Task :specs:processResources NO-SOURCE
> Task :specs:classes UP-TO-DATE
> Task :specs:inspectClassesForKotlinIC
> Task :specs:jar
> Task :specs:assemble
> Task :plugin:compileKotlin FROM-CACHE
> Task :plugin:compileJava NO-SOURCE
> Task :plugin:pluginDescriptors
> Task :plugin:processResources
> Task :plugin:classes
> Task :plugin:inspectClassesForKotlinIC
> Task :plugin:jar
> Task :plugin:publishPluginJar
> Task :plugin:javadoc NO-SOURCE
> Task :plugin:publishPluginJavaDocsJar
> Task :plugin:assemble

BUILD SUCCESSFUL in 541ms
12 actionable tasks: 10 executed, 2 from cache

Publishing build scan...
https://gradle.com/s/mgibmoy7c2bv4

Used daemon with pid 6439
Execution time 933 ms

* Running cleanup for measured build #2
> Task :buildSrc:extractPrecompiledScriptPluginPlugins UP-TO-DATE
> Task :buildSrc:generateExternalPluginSpecBuilders UP-TO-DATE
> Task :buildSrc:compilePluginsBlocks UP-TO-DATE
> Task :buildSrc:generatePrecompiledScriptPluginAccessors UP-TO-DATE
> Task :buildSrc:configurePrecompiledScriptDependenciesResolver
> Task :buildSrc:generateScriptPluginAdapters UP-TO-DATE
> Task :buildSrc:compileKotlin UP-TO-DATE
> Task :buildSrc:compileJava NO-SOURCE
> Task :buildSrc:compileGroovy NO-SOURCE
> Task :buildSrc:pluginDescriptors UP-TO-DATE
> Task :buildSrc:processResources UP-TO-DATE
> Task :buildSrc:classes UP-TO-DATE
> Task :buildSrc:inspectClassesForKotlinIC UP-TO-DATE
> Task :buildSrc:jar UP-TO-DATE
> Task :buildSrc:assemble UP-TO-DATE
> Task :buildSrc:compileTestKotlin NO-SOURCE
> Task :buildSrc:pluginUnderTestMetadata UP-TO-DATE
> Task :buildSrc:compileTestJava NO-SOURCE
> Task :buildSrc:compileTestGroovy NO-SOURCE
> Task :buildSrc:processTestResources NO-SOURCE
> Task :buildSrc:testClasses UP-TO-DATE
> Task :buildSrc:test NO-SOURCE
> Task :buildSrc:validatePlugins UP-TO-DATE
> Task :buildSrc:check UP-TO-DATE
> Task :buildSrc:build UP-TO-DATE

> Configure project :plugin
WARNING: Unsupported Kotlin plugin version.
The `embedded-kotlin` and `kotlin-dsl` plugins rely on features of Kotlin `1.4.20` that might work differently than in the requested version `1.4.21`.

> Task :clean
> Task :specs:clean
> Task :plugin:clean

BUILD SUCCESSFUL in 482ms
3 actionable tasks: 3 executed

Publishing build scan...
https://gradle.com/s/axaxu3laypfi4

Used daemon with pid 6439

* Running measured build #2
> Task :buildSrc:extractPrecompiledScriptPluginPlugins UP-TO-DATE
> Task :buildSrc:generateExternalPluginSpecBuilders UP-TO-DATE
> Task :buildSrc:compilePluginsBlocks UP-TO-DATE
> Task :buildSrc:generatePrecompiledScriptPluginAccessors UP-TO-DATE
> Task :buildSrc:configurePrecompiledScriptDependenciesResolver
> Task :buildSrc:generateScriptPluginAdapters UP-TO-DATE
> Task :buildSrc:compileKotlin UP-TO-DATE
> Task :buildSrc:compileJava NO-SOURCE
> Task :buildSrc:compileGroovy NO-SOURCE
> Task :buildSrc:pluginDescriptors UP-TO-DATE
> Task :buildSrc:processResources UP-TO-DATE
> Task :buildSrc:classes UP-TO-DATE
> Task :buildSrc:inspectClassesForKotlinIC UP-TO-DATE
> Task :buildSrc:jar UP-TO-DATE
> Task :buildSrc:assemble UP-TO-DATE
> Task :buildSrc:compileTestKotlin NO-SOURCE
> Task :buildSrc:pluginUnderTestMetadata UP-TO-DATE
> Task :buildSrc:compileTestJava NO-SOURCE
> Task :buildSrc:compileTestGroovy NO-SOURCE
> Task :buildSrc:processTestResources NO-SOURCE
> Task :buildSrc:testClasses UP-TO-DATE
> Task :buildSrc:test NO-SOURCE
> Task :buildSrc:validatePlugins UP-TO-DATE
> Task :buildSrc:check UP-TO-DATE
> Task :buildSrc:build UP-TO-DATE

> Configure project :plugin
WARNING: Unsupported Kotlin plugin version.
The `embedded-kotlin` and `kotlin-dsl` plugins rely on features of Kotlin `1.4.20` that might work differently than in the requested version `1.4.21`.

> Task :compileKotlin NO-SOURCE
> Task :compileJava NO-SOURCE
> Task :processResources NO-SOURCE
> Task :classes UP-TO-DATE
> Task :inspectClassesForKotlinIC
> Task :jar
> Task :assemble
> Task :specs:compileKotlin FROM-CACHE
> Task :specs:compileJava NO-SOURCE
> Task :specs:processResources NO-SOURCE
> Task :specs:classes UP-TO-DATE
> Task :specs:inspectClassesForKotlinIC
> Task :specs:jar
> Task :specs:assemble
> Task :plugin:compileKotlin FROM-CACHE
> Task :plugin:compileJava NO-SOURCE
> Task :plugin:pluginDescriptors
> Task :plugin:processResources
> Task :plugin:classes
> Task :plugin:inspectClassesForKotlinIC
> Task :plugin:jar
> Task :plugin:publishPluginJar
> Task :plugin:javadoc NO-SOURCE
> Task :plugin:publishPluginJavaDocsJar
> Task :plugin:assemble

BUILD SUCCESSFUL in 621ms
12 actionable tasks: 10 executed, 2 from cache

Publishing build scan...
https://gradle.com/s/wvdeqt7d6jroy

Used daemon with pid 6439
Execution time 1284 ms

* Running cleanup for measured build #3
> Task :buildSrc:extractPrecompiledScriptPluginPlugins UP-TO-DATE
> Task :buildSrc:generateExternalPluginSpecBuilders UP-TO-DATE
> Task :buildSrc:compilePluginsBlocks UP-TO-DATE
> Task :buildSrc:generatePrecompiledScriptPluginAccessors UP-TO-DATE
> Task :buildSrc:configurePrecompiledScriptDependenciesResolver
> Task :buildSrc:generateScriptPluginAdapters UP-TO-DATE
> Task :buildSrc:compileKotlin UP-TO-DATE
> Task :buildSrc:compileJava NO-SOURCE
> Task :buildSrc:compileGroovy NO-SOURCE
> Task :buildSrc:pluginDescriptors UP-TO-DATE
> Task :buildSrc:processResources UP-TO-DATE
> Task :buildSrc:classes UP-TO-DATE
> Task :buildSrc:inspectClassesForKotlinIC UP-TO-DATE
> Task :buildSrc:jar UP-TO-DATE
> Task :buildSrc:assemble UP-TO-DATE
> Task :buildSrc:compileTestKotlin NO-SOURCE
> Task :buildSrc:pluginUnderTestMetadata UP-TO-DATE
> Task :buildSrc:compileTestJava NO-SOURCE
> Task :buildSrc:compileTestGroovy NO-SOURCE
> Task :buildSrc:processTestResources NO-SOURCE
> Task :buildSrc:testClasses UP-TO-DATE
> Task :buildSrc:test NO-SOURCE
> Task :buildSrc:validatePlugins UP-TO-DATE
> Task :buildSrc:check UP-TO-DATE
> Task :buildSrc:build UP-TO-DATE

> Configure project :plugin
WARNING: Unsupported Kotlin plugin version.
The `embedded-kotlin` and `kotlin-dsl` plugins rely on features of Kotlin `1.4.20` that might work differently than in the requested version `1.4.21`.

> Task :clean
> Task :specs:clean
> Task :plugin:clean

BUILD SUCCESSFUL in 543ms
3 actionable tasks: 3 executed

Publishing build scan...
https://gradle.com/s/vo2ho64xltvxg

Used daemon with pid 6439

* Running measured build #3
> Task :buildSrc:extractPrecompiledScriptPluginPlugins UP-TO-DATE
> Task :buildSrc:generateExternalPluginSpecBuilders UP-TO-DATE
> Task :buildSrc:compilePluginsBlocks UP-TO-DATE
> Task :buildSrc:generatePrecompiledScriptPluginAccessors UP-TO-DATE
> Task :buildSrc:configurePrecompiledScriptDependenciesResolver
> Task :buildSrc:generateScriptPluginAdapters UP-TO-DATE
> Task :buildSrc:compileKotlin UP-TO-DATE
> Task :buildSrc:compileJava NO-SOURCE
> Task :buildSrc:compileGroovy NO-SOURCE
> Task :buildSrc:pluginDescriptors UP-TO-DATE
> Task :buildSrc:processResources UP-TO-DATE
> Task :buildSrc:classes UP-TO-DATE
> Task :buildSrc:inspectClassesForKotlinIC UP-TO-DATE
> Task :buildSrc:jar UP-TO-DATE
> Task :buildSrc:assemble UP-TO-DATE
> Task :buildSrc:compileTestKotlin NO-SOURCE
> Task :buildSrc:pluginUnderTestMetadata UP-TO-DATE
> Task :buildSrc:compileTestJava NO-SOURCE
> Task :buildSrc:compileTestGroovy NO-SOURCE
> Task :buildSrc:processTestResources NO-SOURCE
> Task :buildSrc:testClasses UP-TO-DATE
> Task :buildSrc:test NO-SOURCE
> Task :buildSrc:validatePlugins UP-TO-DATE
> Task :buildSrc:check UP-TO-DATE
> Task :buildSrc:build UP-TO-DATE

> Configure project :plugin
WARNING: Unsupported Kotlin plugin version.
The `embedded-kotlin` and `kotlin-dsl` plugins rely on features of Kotlin `1.4.20` that might work differently than in the requested version `1.4.21`.

> Task :compileKotlin NO-SOURCE
> Task :compileJava NO-SOURCE
> Task :processResources NO-SOURCE
> Task :classes UP-TO-DATE
> Task :inspectClassesForKotlinIC
> Task :jar
> Task :assemble
> Task :specs:compileKotlin FROM-CACHE
> Task :specs:compileJava NO-SOURCE
> Task :specs:processResources NO-SOURCE
> Task :specs:classes UP-TO-DATE
> Task :specs:inspectClassesForKotlinIC
> Task :specs:jar
> Task :specs:assemble
> Task :plugin:compileKotlin FROM-CACHE
> Task :plugin:compileJava NO-SOURCE
> Task :plugin:pluginDescriptors
> Task :plugin:processResources
> Task :plugin:classes
> Task :plugin:inspectClassesForKotlinIC
> Task :plugin:jar
> Task :plugin:publishPluginJar
> Task :plugin:javadoc NO-SOURCE
> Task :plugin:publishPluginJavaDocsJar
> Task :plugin:assemble

BUILD SUCCESSFUL in 529ms
12 actionable tasks: 10 executed, 2 from cache

Publishing build scan...
https://gradle.com/s/hgjhew7pemka4

Used daemon with pid 6439
Execution time 1562 ms

* Running cleanup for measured build #4
> Task :buildSrc:extractPrecompiledScriptPluginPlugins UP-TO-DATE
> Task :buildSrc:generateExternalPluginSpecBuilders UP-TO-DATE
> Task :buildSrc:compilePluginsBlocks UP-TO-DATE
> Task :buildSrc:generatePrecompiledScriptPluginAccessors UP-TO-DATE
> Task :buildSrc:configurePrecompiledScriptDependenciesResolver
> Task :buildSrc:generateScriptPluginAdapters UP-TO-DATE
> Task :buildSrc:compileKotlin UP-TO-DATE
> Task :buildSrc:compileJava NO-SOURCE
> Task :buildSrc:compileGroovy NO-SOURCE
> Task :buildSrc:pluginDescriptors UP-TO-DATE
> Task :buildSrc:processResources UP-TO-DATE
> Task :buildSrc:classes UP-TO-DATE
> Task :buildSrc:inspectClassesForKotlinIC UP-TO-DATE
> Task :buildSrc:jar UP-TO-DATE
> Task :buildSrc:assemble UP-TO-DATE
> Task :buildSrc:compileTestKotlin NO-SOURCE
> Task :buildSrc:pluginUnderTestMetadata UP-TO-DATE
> Task :buildSrc:compileTestJava NO-SOURCE
> Task :buildSrc:compileTestGroovy NO-SOURCE
> Task :buildSrc:processTestResources NO-SOURCE
> Task :buildSrc:testClasses UP-TO-DATE
> Task :buildSrc:test NO-SOURCE
> Task :buildSrc:validatePlugins UP-TO-DATE
> Task :buildSrc:check UP-TO-DATE
> Task :buildSrc:build UP-TO-DATE

> Configure project :plugin
WARNING: Unsupported Kotlin plugin version.
The `embedded-kotlin` and `kotlin-dsl` plugins rely on features of Kotlin `1.4.20` that might work differently than in the requested version `1.4.21`.

> Task :clean
> Task :specs:clean
> Task :plugin:clean

BUILD SUCCESSFUL in 378ms
3 actionable tasks: 3 executed

Publishing build scan...
https://gradle.com/s/wfy6krq5io3zq

Used daemon with pid 6439

* Running measured build #4
> Task :buildSrc:extractPrecompiledScriptPluginPlugins UP-TO-DATE
> Task :buildSrc:generateExternalPluginSpecBuilders UP-TO-DATE
> Task :buildSrc:compilePluginsBlocks UP-TO-DATE
> Task :buildSrc:generatePrecompiledScriptPluginAccessors UP-TO-DATE
> Task :buildSrc:configurePrecompiledScriptDependenciesResolver
> Task :buildSrc:generateScriptPluginAdapters UP-TO-DATE
> Task :buildSrc:compileKotlin UP-TO-DATE
> Task :buildSrc:compileJava NO-SOURCE
> Task :buildSrc:compileGroovy NO-SOURCE
> Task :buildSrc:pluginDescriptors UP-TO-DATE
> Task :buildSrc:processResources UP-TO-DATE
> Task :buildSrc:classes UP-TO-DATE
> Task :buildSrc:inspectClassesForKotlinIC UP-TO-DATE
> Task :buildSrc:jar UP-TO-DATE
> Task :buildSrc:assemble UP-TO-DATE
> Task :buildSrc:compileTestKotlin NO-SOURCE
> Task :buildSrc:pluginUnderTestMetadata UP-TO-DATE
> Task :buildSrc:compileTestJava NO-SOURCE
> Task :buildSrc:compileTestGroovy NO-SOURCE
> Task :buildSrc:processTestResources NO-SOURCE
> Task :buildSrc:testClasses UP-TO-DATE
> Task :buildSrc:test NO-SOURCE
> Task :buildSrc:validatePlugins UP-TO-DATE
> Task :buildSrc:check UP-TO-DATE
> Task :buildSrc:build UP-TO-DATE

> Configure project :plugin
WARNING: Unsupported Kotlin plugin version.
The `embedded-kotlin` and `kotlin-dsl` plugins rely on features of Kotlin `1.4.20` that might work differently than in the requested version `1.4.21`.

> Task :compileKotlin NO-SOURCE
> Task :compileJava NO-SOURCE
> Task :processResources NO-SOURCE
> Task :classes UP-TO-DATE
> Task :inspectClassesForKotlinIC
> Task :jar
> Task :assemble
> Task :specs:compileKotlin FROM-CACHE
> Task :specs:compileJava NO-SOURCE
> Task :specs:processResources NO-SOURCE
> Task :specs:classes UP-TO-DATE
> Task :specs:inspectClassesForKotlinIC
> Task :specs:jar
> Task :specs:assemble
> Task :plugin:compileKotlin FROM-CACHE
> Task :plugin:compileJava NO-SOURCE
> Task :plugin:pluginDescriptors
> Task :plugin:processResources
> Task :plugin:classes
> Task :plugin:inspectClassesForKotlinIC
> Task :plugin:jar
> Task :plugin:publishPluginJar
> Task :plugin:javadoc NO-SOURCE
> Task :plugin:publishPluginJavaDocsJar
> Task :plugin:assemble

BUILD SUCCESSFUL in 586ms
12 actionable tasks: 10 executed, 2 from cache

Publishing build scan...
https://gradle.com/s/rdyambdzy3eme

Used daemon with pid 6439
Execution time 1167 ms

* Running cleanup for measured build #5
> Task :buildSrc:extractPrecompiledScriptPluginPlugins UP-TO-DATE
> Task :buildSrc:generateExternalPluginSpecBuilders UP-TO-DATE
> Task :buildSrc:compilePluginsBlocks UP-TO-DATE
> Task :buildSrc:generatePrecompiledScriptPluginAccessors UP-TO-DATE
> Task :buildSrc:configurePrecompiledScriptDependenciesResolver
> Task :buildSrc:generateScriptPluginAdapters UP-TO-DATE
> Task :buildSrc:compileKotlin UP-TO-DATE
> Task :buildSrc:compileJava NO-SOURCE
> Task :buildSrc:compileGroovy NO-SOURCE
> Task :buildSrc:pluginDescriptors UP-TO-DATE
> Task :buildSrc:processResources UP-TO-DATE
> Task :buildSrc:classes UP-TO-DATE
> Task :buildSrc:inspectClassesForKotlinIC UP-TO-DATE
> Task :buildSrc:jar UP-TO-DATE
> Task :buildSrc:assemble UP-TO-DATE
> Task :buildSrc:compileTestKotlin NO-SOURCE
> Task :buildSrc:pluginUnderTestMetadata UP-TO-DATE
> Task :buildSrc:compileTestJava NO-SOURCE
> Task :buildSrc:compileTestGroovy NO-SOURCE
> Task :buildSrc:processTestResources NO-SOURCE
> Task :buildSrc:testClasses UP-TO-DATE
> Task :buildSrc:test NO-SOURCE
> Task :buildSrc:validatePlugins UP-TO-DATE
> Task :buildSrc:check UP-TO-DATE
> Task :buildSrc:build UP-TO-DATE

> Configure project :plugin
WARNING: Unsupported Kotlin plugin version.
The `embedded-kotlin` and `kotlin-dsl` plugins rely on features of Kotlin `1.4.20` that might work differently than in the requested version `1.4.21`.

> Task :clean
> Task :specs:clean
> Task :plugin:clean

BUILD SUCCESSFUL in 387ms
3 actionable tasks: 3 executed

Publishing build scan...
https://gradle.com/s/thq62lzzb7ymi

Used daemon with pid 6439

* Running measured build #5
> Task :buildSrc:extractPrecompiledScriptPluginPlugins UP-TO-DATE
> Task :buildSrc:generateExternalPluginSpecBuilders UP-TO-DATE
> Task :buildSrc:compilePluginsBlocks UP-TO-DATE
> Task :buildSrc:generatePrecompiledScriptPluginAccessors UP-TO-DATE
> Task :buildSrc:configurePrecompiledScriptDependenciesResolver
> Task :buildSrc:generateScriptPluginAdapters UP-TO-DATE
> Task :buildSrc:compileKotlin UP-TO-DATE
> Task :buildSrc:compileJava NO-SOURCE
> Task :buildSrc:compileGroovy NO-SOURCE
> Task :buildSrc:pluginDescriptors UP-TO-DATE
> Task :buildSrc:processResources UP-TO-DATE
> Task :buildSrc:classes UP-TO-DATE
> Task :buildSrc:inspectClassesForKotlinIC UP-TO-DATE
> Task :buildSrc:jar UP-TO-DATE
> Task :buildSrc:assemble UP-TO-DATE
> Task :buildSrc:compileTestKotlin NO-SOURCE
> Task :buildSrc:pluginUnderTestMetadata UP-TO-DATE
> Task :buildSrc:compileTestJava NO-SOURCE
> Task :buildSrc:compileTestGroovy NO-SOURCE
> Task :buildSrc:processTestResources NO-SOURCE
> Task :buildSrc:testClasses UP-TO-DATE
> Task :buildSrc:test NO-SOURCE
> Task :buildSrc:validatePlugins UP-TO-DATE
> Task :buildSrc:check UP-TO-DATE
> Task :buildSrc:build UP-TO-DATE

> Configure project :plugin
WARNING: Unsupported Kotlin plugin version.
The `embedded-kotlin` and `kotlin-dsl` plugins rely on features of Kotlin `1.4.20` that might work differently than in the requested version `1.4.21`.

> Task :compileKotlin NO-SOURCE
> Task :compileJava NO-SOURCE
> Task :processResources NO-SOURCE
> Task :classes UP-TO-DATE
> Task :inspectClassesForKotlinIC
> Task :jar
> Task :assemble
> Task :specs:compileKotlin FROM-CACHE
> Task :specs:compileJava NO-SOURCE
> Task :specs:processResources NO-SOURCE
> Task :specs:classes UP-TO-DATE
> Task :specs:inspectClassesForKotlinIC
> Task :specs:jar
> Task :specs:assemble
> Task :plugin:compileKotlin FROM-CACHE
> Task :plugin:compileJava NO-SOURCE
> Task :plugin:pluginDescriptors
> Task :plugin:processResources
> Task :plugin:classes
> Task :plugin:inspectClassesForKotlinIC
> Task :plugin:jar
> Task :plugin:publishPluginJar
> Task :plugin:javadoc NO-SOURCE
> Task :plugin:publishPluginJavaDocsJar
> Task :plugin:assemble

BUILD SUCCESSFUL in 758ms
12 actionable tasks: 10 executed, 2 from cache

Publishing build scan...
https://gradle.com/s/afhsqgm44xyak

Used daemon with pid 6439
Execution time 1174 ms

* Running cleanup for measured build #6
> Task :buildSrc:extractPrecompiledScriptPluginPlugins UP-TO-DATE
> Task :buildSrc:generateExternalPluginSpecBuilders UP-TO-DATE
> Task :buildSrc:compilePluginsBlocks UP-TO-DATE
> Task :buildSrc:generatePrecompiledScriptPluginAccessors UP-TO-DATE
> Task :buildSrc:configurePrecompiledScriptDependenciesResolver
> Task :buildSrc:generateScriptPluginAdapters UP-TO-DATE
> Task :buildSrc:compileKotlin UP-TO-DATE
> Task :buildSrc:compileJava NO-SOURCE
> Task :buildSrc:compileGroovy NO-SOURCE
> Task :buildSrc:pluginDescriptors UP-TO-DATE
> Task :buildSrc:processResources UP-TO-DATE
> Task :buildSrc:classes UP-TO-DATE
> Task :buildSrc:inspectClassesForKotlinIC UP-TO-DATE
> Task :buildSrc:jar UP-TO-DATE
> Task :buildSrc:assemble UP-TO-DATE
> Task :buildSrc:compileTestKotlin NO-SOURCE
> Task :buildSrc:pluginUnderTestMetadata UP-TO-DATE
> Task :buildSrc:compileTestJava NO-SOURCE
> Task :buildSrc:compileTestGroovy NO-SOURCE
> Task :buildSrc:processTestResources NO-SOURCE
> Task :buildSrc:testClasses UP-TO-DATE
> Task :buildSrc:test NO-SOURCE
> Task :buildSrc:validatePlugins UP-TO-DATE
> Task :buildSrc:check UP-TO-DATE
> Task :buildSrc:build UP-TO-DATE

> Configure project :plugin
WARNING: Unsupported Kotlin plugin version.
The `embedded-kotlin` and `kotlin-dsl` plugins rely on features of Kotlin `1.4.20` that might work differently than in the requested version `1.4.21`.

> Task :clean
> Task :specs:clean
> Task :plugin:clean

BUILD SUCCESSFUL in 374ms
3 actionable tasks: 3 executed

Publishing build scan...
https://gradle.com/s/ox7776e3f3wcw

Used daemon with pid 6439

* Running measured build #6
> Task :buildSrc:extractPrecompiledScriptPluginPlugins UP-TO-DATE
> Task :buildSrc:generateExternalPluginSpecBuilders UP-TO-DATE
> Task :buildSrc:compilePluginsBlocks UP-TO-DATE
> Task :buildSrc:generatePrecompiledScriptPluginAccessors UP-TO-DATE
> Task :buildSrc:configurePrecompiledScriptDependenciesResolver
> Task :buildSrc:generateScriptPluginAdapters UP-TO-DATE
> Task :buildSrc:compileKotlin UP-TO-DATE
> Task :buildSrc:compileJava NO-SOURCE
> Task :buildSrc:compileGroovy NO-SOURCE
> Task :buildSrc:pluginDescriptors UP-TO-DATE
> Task :buildSrc:processResources UP-TO-DATE
> Task :buildSrc:classes UP-TO-DATE
> Task :buildSrc:inspectClassesForKotlinIC UP-TO-DATE
> Task :buildSrc:jar UP-TO-DATE
> Task :buildSrc:assemble UP-TO-DATE
> Task :buildSrc:compileTestKotlin NO-SOURCE
> Task :buildSrc:pluginUnderTestMetadata UP-TO-DATE
> Task :buildSrc:compileTestJava NO-SOURCE
> Task :buildSrc:compileTestGroovy NO-SOURCE
> Task :buildSrc:processTestResources NO-SOURCE
> Task :buildSrc:testClasses UP-TO-DATE
> Task :buildSrc:test NO-SOURCE
> Task :buildSrc:validatePlugins UP-TO-DATE
> Task :buildSrc:check UP-TO-DATE
> Task :buildSrc:build UP-TO-DATE

> Configure project :plugin
WARNING: Unsupported Kotlin plugin version.
The `embedded-kotlin` and `kotlin-dsl` plugins rely on features of Kotlin `1.4.20` that might work differently than in the requested version `1.4.21`.

> Task :compileKotlin NO-SOURCE
> Task :compileJava NO-SOURCE
> Task :processResources NO-SOURCE
> Task :classes UP-TO-DATE
> Task :inspectClassesForKotlinIC
> Task :jar
> Task :assemble
> Task :specs:compileKotlin FROM-CACHE
> Task :specs:compileJava NO-SOURCE
> Task :specs:processResources NO-SOURCE
> Task :specs:classes UP-TO-DATE
> Task :specs:inspectClassesForKotlinIC
> Task :specs:jar
> Task :specs:assemble
> Task :plugin:compileKotlin FROM-CACHE
> Task :plugin:compileJava NO-SOURCE
> Task :plugin:pluginDescriptors
> Task :plugin:processResources
> Task :plugin:classes
> Task :plugin:inspectClassesForKotlinIC
> Task :plugin:jar
> Task :plugin:publishPluginJar
> Task :plugin:javadoc NO-SOURCE
> Task :plugin:publishPluginJavaDocsJar
> Task :plugin:assemble

BUILD SUCCESSFUL in 568ms
12 actionable tasks: 10 executed, 2 from cache

Publishing build scan...
https://gradle.com/s/dygsgdjootuz2

Used daemon with pid 6439
Execution time 1086 ms

* Running cleanup for measured build #7
> Task :buildSrc:extractPrecompiledScriptPluginPlugins UP-TO-DATE
> Task :buildSrc:generateExternalPluginSpecBuilders UP-TO-DATE
> Task :buildSrc:compilePluginsBlocks UP-TO-DATE
> Task :buildSrc:generatePrecompiledScriptPluginAccessors UP-TO-DATE
> Task :buildSrc:configurePrecompiledScriptDependenciesResolver
> Task :buildSrc:generateScriptPluginAdapters UP-TO-DATE
> Task :buildSrc:compileKotlin UP-TO-DATE
> Task :buildSrc:compileJava NO-SOURCE
> Task :buildSrc:compileGroovy NO-SOURCE
> Task :buildSrc:pluginDescriptors UP-TO-DATE
> Task :buildSrc:processResources UP-TO-DATE
> Task :buildSrc:classes UP-TO-DATE
> Task :buildSrc:inspectClassesForKotlinIC UP-TO-DATE
> Task :buildSrc:jar UP-TO-DATE
> Task :buildSrc:assemble UP-TO-DATE
> Task :buildSrc:compileTestKotlin NO-SOURCE
> Task :buildSrc:pluginUnderTestMetadata UP-TO-DATE
> Task :buildSrc:compileTestJava NO-SOURCE
> Task :buildSrc:compileTestGroovy NO-SOURCE
> Task :buildSrc:processTestResources NO-SOURCE
> Task :buildSrc:testClasses UP-TO-DATE
> Task :buildSrc:test NO-SOURCE
> Task :buildSrc:validatePlugins UP-TO-DATE
> Task :buildSrc:check UP-TO-DATE
> Task :buildSrc:build UP-TO-DATE

> Configure project :plugin
WARNING: Unsupported Kotlin plugin version.
The `embedded-kotlin` and `kotlin-dsl` plugins rely on features of Kotlin `1.4.20` that might work differently than in the requested version `1.4.21`.

> Task :clean
> Task :specs:clean
> Task :plugin:clean

BUILD SUCCESSFUL in 436ms
3 actionable tasks: 3 executed

Publishing build scan...
https://gradle.com/s/ff5bagbvgjm52

Used daemon with pid 6439

* Running measured build #7
> Task :buildSrc:extractPrecompiledScriptPluginPlugins UP-TO-DATE
> Task :buildSrc:generateExternalPluginSpecBuilders UP-TO-DATE
> Task :buildSrc:compilePluginsBlocks UP-TO-DATE
> Task :buildSrc:generatePrecompiledScriptPluginAccessors UP-TO-DATE
> Task :buildSrc:configurePrecompiledScriptDependenciesResolver
> Task :buildSrc:generateScriptPluginAdapters UP-TO-DATE
> Task :buildSrc:compileKotlin UP-TO-DATE
> Task :buildSrc:compileJava NO-SOURCE
> Task :buildSrc:compileGroovy NO-SOURCE
> Task :buildSrc:pluginDescriptors UP-TO-DATE
> Task :buildSrc:processResources UP-TO-DATE
> Task :buildSrc:classes UP-TO-DATE
> Task :buildSrc:inspectClassesForKotlinIC UP-TO-DATE
> Task :buildSrc:jar UP-TO-DATE
> Task :buildSrc:assemble UP-TO-DATE
> Task :buildSrc:compileTestKotlin NO-SOURCE
> Task :buildSrc:pluginUnderTestMetadata UP-TO-DATE
> Task :buildSrc:compileTestJava NO-SOURCE
> Task :buildSrc:compileTestGroovy NO-SOURCE
> Task :buildSrc:processTestResources NO-SOURCE
> Task :buildSrc:testClasses UP-TO-DATE
> Task :buildSrc:test NO-SOURCE
> Task :buildSrc:validatePlugins UP-TO-DATE
> Task :buildSrc:check UP-TO-DATE
> Task :buildSrc:build UP-TO-DATE

> Configure project :plugin
WARNING: Unsupported Kotlin plugin version.
The `embedded-kotlin` and `kotlin-dsl` plugins rely on features of Kotlin `1.4.20` that might work differently than in the requested version `1.4.21`.

> Task :compileKotlin NO-SOURCE
> Task :compileJava NO-SOURCE
> Task :processResources NO-SOURCE
> Task :classes UP-TO-DATE
> Task :inspectClassesForKotlinIC
> Task :jar
> Task :assemble
> Task :specs:compileKotlin FROM-CACHE
> Task :specs:compileJava NO-SOURCE
> Task :specs:processResources NO-SOURCE
> Task :specs:classes UP-TO-DATE
> Task :specs:inspectClassesForKotlinIC
> Task :specs:jar
> Task :specs:assemble
> Task :plugin:compileKotlin FROM-CACHE
> Task :plugin:compileJava NO-SOURCE
> Task :plugin:pluginDescriptors
> Task :plugin:processResources
> Task :plugin:classes
> Task :plugin:inspectClassesForKotlinIC
> Task :plugin:jar
> Task :plugin:publishPluginJar
> Task :plugin:javadoc NO-SOURCE
> Task :plugin:publishPluginJavaDocsJar
> Task :plugin:assemble

BUILD SUCCESSFUL in 725ms
12 actionable tasks: 10 executed, 2 from cache

Publishing build scan...
https://gradle.com/s/prikfwixeg2dw

Used daemon with pid 6439
Execution time 1147 ms

* Running cleanup for measured build #8
> Task :buildSrc:extractPrecompiledScriptPluginPlugins UP-TO-DATE
> Task :buildSrc:generateExternalPluginSpecBuilders UP-TO-DATE
> Task :buildSrc:compilePluginsBlocks UP-TO-DATE
> Task :buildSrc:generatePrecompiledScriptPluginAccessors UP-TO-DATE
> Task :buildSrc:configurePrecompiledScriptDependenciesResolver
> Task :buildSrc:generateScriptPluginAdapters UP-TO-DATE
> Task :buildSrc:compileKotlin UP-TO-DATE
> Task :buildSrc:compileJava NO-SOURCE
> Task :buildSrc:compileGroovy NO-SOURCE
> Task :buildSrc:pluginDescriptors UP-TO-DATE
> Task :buildSrc:processResources UP-TO-DATE
> Task :buildSrc:classes UP-TO-DATE
> Task :buildSrc:inspectClassesForKotlinIC UP-TO-DATE
> Task :buildSrc:jar UP-TO-DATE
> Task :buildSrc:assemble UP-TO-DATE
> Task :buildSrc:compileTestKotlin NO-SOURCE
> Task :buildSrc:pluginUnderTestMetadata UP-TO-DATE
> Task :buildSrc:compileTestJava NO-SOURCE
> Task :buildSrc:compileTestGroovy NO-SOURCE
> Task :buildSrc:processTestResources NO-SOURCE
> Task :buildSrc:testClasses UP-TO-DATE
> Task :buildSrc:test NO-SOURCE
> Task :buildSrc:validatePlugins UP-TO-DATE
> Task :buildSrc:check UP-TO-DATE
> Task :buildSrc:build UP-TO-DATE

> Configure project :plugin
WARNING: Unsupported Kotlin plugin version.
The `embedded-kotlin` and `kotlin-dsl` plugins rely on features of Kotlin `1.4.20` that might work differently than in the requested version `1.4.21`.

> Task :clean
> Task :specs:clean
> Task :plugin:clean

BUILD SUCCESSFUL in 532ms
3 actionable tasks: 3 executed

Publishing build scan...
https://gradle.com/s/rbvovwqo5e7di

Used daemon with pid 6439

* Running measured build #8
> Task :buildSrc:extractPrecompiledScriptPluginPlugins UP-TO-DATE
> Task :buildSrc:generateExternalPluginSpecBuilders UP-TO-DATE
> Task :buildSrc:compilePluginsBlocks UP-TO-DATE
> Task :buildSrc:generatePrecompiledScriptPluginAccessors UP-TO-DATE
> Task :buildSrc:configurePrecompiledScriptDependenciesResolver
> Task :buildSrc:generateScriptPluginAdapters UP-TO-DATE
> Task :buildSrc:compileKotlin UP-TO-DATE
> Task :buildSrc:compileJava NO-SOURCE
> Task :buildSrc:compileGroovy NO-SOURCE
> Task :buildSrc:pluginDescriptors UP-TO-DATE
> Task :buildSrc:processResources UP-TO-DATE
> Task :buildSrc:classes UP-TO-DATE
> Task :buildSrc:inspectClassesForKotlinIC UP-TO-DATE
> Task :buildSrc:jar UP-TO-DATE
> Task :buildSrc:assemble UP-TO-DATE
> Task :buildSrc:compileTestKotlin NO-SOURCE
> Task :buildSrc:pluginUnderTestMetadata UP-TO-DATE
> Task :buildSrc:compileTestJava NO-SOURCE
> Task :buildSrc:compileTestGroovy NO-SOURCE
> Task :buildSrc:processTestResources NO-SOURCE
> Task :buildSrc:testClasses UP-TO-DATE
> Task :buildSrc:test NO-SOURCE
> Task :buildSrc:validatePlugins UP-TO-DATE
> Task :buildSrc:check UP-TO-DATE
> Task :buildSrc:build UP-TO-DATE

> Configure project :plugin
WARNING: Unsupported Kotlin plugin version.
The `embedded-kotlin` and `kotlin-dsl` plugins rely on features of Kotlin `1.4.20` that might work differently than in the requested version `1.4.21`.

> Task :compileKotlin NO-SOURCE
> Task :compileJava NO-SOURCE
> Task :processResources NO-SOURCE
> Task :classes UP-TO-DATE
> Task :inspectClassesForKotlinIC
> Task :jar
> Task :assemble
> Task :specs:compileKotlin FROM-CACHE
> Task :specs:compileJava NO-SOURCE
> Task :specs:processResources NO-SOURCE
> Task :specs:classes UP-TO-DATE
> Task :specs:inspectClassesForKotlinIC
> Task :specs:jar
> Task :specs:assemble
> Task :plugin:compileKotlin FROM-CACHE
> Task :plugin:compileJava NO-SOURCE
> Task :plugin:pluginDescriptors
> Task :plugin:processResources
> Task :plugin:classes
> Task :plugin:inspectClassesForKotlinIC
> Task :plugin:jar
> Task :plugin:publishPluginJar
> Task :plugin:javadoc NO-SOURCE
> Task :plugin:publishPluginJavaDocsJar
> Task :plugin:assemble

BUILD SUCCESSFUL in 1s
12 actionable tasks: 10 executed, 2 from cache

Publishing build scan...
https://gradle.com/s/6wwskeauhhngc

Used daemon with pid 6439
Execution time 1602 ms

* Running cleanup for measured build #9
> Task :buildSrc:extractPrecompiledScriptPluginPlugins UP-TO-DATE
> Task :buildSrc:generateExternalPluginSpecBuilders UP-TO-DATE
> Task :buildSrc:compilePluginsBlocks UP-TO-DATE
> Task :buildSrc:generatePrecompiledScriptPluginAccessors UP-TO-DATE
> Task :buildSrc:configurePrecompiledScriptDependenciesResolver
> Task :buildSrc:generateScriptPluginAdapters UP-TO-DATE
> Task :buildSrc:compileKotlin UP-TO-DATE
> Task :buildSrc:compileJava NO-SOURCE
> Task :buildSrc:compileGroovy NO-SOURCE
> Task :buildSrc:pluginDescriptors UP-TO-DATE
> Task :buildSrc:processResources UP-TO-DATE
> Task :buildSrc:classes UP-TO-DATE
> Task :buildSrc:inspectClassesForKotlinIC UP-TO-DATE
> Task :buildSrc:jar UP-TO-DATE
> Task :buildSrc:assemble UP-TO-DATE
> Task :buildSrc:compileTestKotlin NO-SOURCE
> Task :buildSrc:pluginUnderTestMetadata UP-TO-DATE
> Task :buildSrc:compileTestJava NO-SOURCE
> Task :buildSrc:compileTestGroovy NO-SOURCE
> Task :buildSrc:processTestResources NO-SOURCE
> Task :buildSrc:testClasses UP-TO-DATE
> Task :buildSrc:test NO-SOURCE
> Task :buildSrc:validatePlugins UP-TO-DATE
> Task :buildSrc:check UP-TO-DATE
> Task :buildSrc:build UP-TO-DATE

> Configure project :plugin
WARNING: Unsupported Kotlin plugin version.
The `embedded-kotlin` and `kotlin-dsl` plugins rely on features of Kotlin `1.4.20` that might work differently than in the requested version `1.4.21`.

> Task :clean
> Task :specs:clean
> Task :plugin:clean

BUILD SUCCESSFUL in 630ms
3 actionable tasks: 3 executed

Publishing build scan...
https://gradle.com/s/hl2huajybcjyk

Used daemon with pid 6439

* Running measured build #9
> Task :buildSrc:extractPrecompiledScriptPluginPlugins UP-TO-DATE
> Task :buildSrc:generateExternalPluginSpecBuilders UP-TO-DATE
> Task :buildSrc:compilePluginsBlocks UP-TO-DATE
> Task :buildSrc:generatePrecompiledScriptPluginAccessors UP-TO-DATE
> Task :buildSrc:configurePrecompiledScriptDependenciesResolver
> Task :buildSrc:generateScriptPluginAdapters UP-TO-DATE
> Task :buildSrc:compileKotlin UP-TO-DATE
> Task :buildSrc:compileJava NO-SOURCE
> Task :buildSrc:compileGroovy NO-SOURCE
> Task :buildSrc:pluginDescriptors UP-TO-DATE
> Task :buildSrc:processResources UP-TO-DATE
> Task :buildSrc:classes UP-TO-DATE
> Task :buildSrc:inspectClassesForKotlinIC UP-TO-DATE
> Task :buildSrc:jar UP-TO-DATE
> Task :buildSrc:assemble UP-TO-DATE
> Task :buildSrc:compileTestKotlin NO-SOURCE
> Task :buildSrc:pluginUnderTestMetadata UP-TO-DATE
> Task :buildSrc:compileTestJava NO-SOURCE
> Task :buildSrc:compileTestGroovy NO-SOURCE
> Task :buildSrc:processTestResources NO-SOURCE
> Task :buildSrc:testClasses UP-TO-DATE
> Task :buildSrc:test NO-SOURCE
> Task :buildSrc:validatePlugins UP-TO-DATE
> Task :buildSrc:check UP-TO-DATE
> Task :buildSrc:build UP-TO-DATE

> Configure project :plugin
WARNING: Unsupported Kotlin plugin version.
The `embedded-kotlin` and `kotlin-dsl` plugins rely on features of Kotlin `1.4.20` that might work differently than in the requested version `1.4.21`.

> Task :compileKotlin NO-SOURCE
> Task :compileJava NO-SOURCE
> Task :processResources NO-SOURCE
> Task :classes UP-TO-DATE
> Task :inspectClassesForKotlinIC
> Task :jar
> Task :assemble
> Task :specs:compileKotlin FROM-CACHE
> Task :specs:compileJava NO-SOURCE
> Task :specs:processResources NO-SOURCE
> Task :specs:classes UP-TO-DATE
> Task :specs:inspectClassesForKotlinIC
> Task :specs:jar
> Task :specs:assemble
> Task :plugin:compileKotlin FROM-CACHE
> Task :plugin:compileJava NO-SOURCE
> Task :plugin:pluginDescriptors
> Task :plugin:processResources
> Task :plugin:classes
> Task :plugin:inspectClassesForKotlinIC
> Task :plugin:jar
> Task :plugin:publishPluginJar
> Task :plugin:javadoc NO-SOURCE
> Task :plugin:publishPluginJavaDocsJar
> Task :plugin:assemble

BUILD SUCCESSFUL in 597ms
12 actionable tasks: 10 executed, 2 from cache

Publishing build scan...
https://gradle.com/s/v6zybp5cnytni

Used daemon with pid 6439
Execution time 1061 ms

* Running cleanup for measured build #10
> Task :buildSrc:extractPrecompiledScriptPluginPlugins UP-TO-DATE
> Task :buildSrc:generateExternalPluginSpecBuilders UP-TO-DATE
> Task :buildSrc:compilePluginsBlocks UP-TO-DATE
> Task :buildSrc:generatePrecompiledScriptPluginAccessors UP-TO-DATE
> Task :buildSrc:configurePrecompiledScriptDependenciesResolver
> Task :buildSrc:generateScriptPluginAdapters UP-TO-DATE
> Task :buildSrc:compileKotlin UP-TO-DATE
> Task :buildSrc:compileJava NO-SOURCE
> Task :buildSrc:compileGroovy NO-SOURCE
> Task :buildSrc:pluginDescriptors UP-TO-DATE
> Task :buildSrc:processResources UP-TO-DATE
> Task :buildSrc:classes UP-TO-DATE
> Task :buildSrc:inspectClassesForKotlinIC UP-TO-DATE
> Task :buildSrc:jar UP-TO-DATE
> Task :buildSrc:assemble UP-TO-DATE
> Task :buildSrc:compileTestKotlin NO-SOURCE
> Task :buildSrc:pluginUnderTestMetadata UP-TO-DATE
> Task :buildSrc:compileTestJava NO-SOURCE
> Task :buildSrc:compileTestGroovy NO-SOURCE
> Task :buildSrc:processTestResources NO-SOURCE
> Task :buildSrc:testClasses UP-TO-DATE
> Task :buildSrc:test NO-SOURCE
> Task :buildSrc:validatePlugins UP-TO-DATE
> Task :buildSrc:check UP-TO-DATE
> Task :buildSrc:build UP-TO-DATE

> Configure project :plugin
WARNING: Unsupported Kotlin plugin version.
The `embedded-kotlin` and `kotlin-dsl` plugins rely on features of Kotlin `1.4.20` that might work differently than in the requested version `1.4.21`.

> Task :clean
> Task :specs:clean
> Task :plugin:clean

BUILD SUCCESSFUL in 418ms
3 actionable tasks: 3 executed

Publishing build scan...
https://gradle.com/s/gho7iycdmi4zc

Used daemon with pid 6439

* Running measured build #10
> Task :buildSrc:extractPrecompiledScriptPluginPlugins UP-TO-DATE
> Task :buildSrc:generateExternalPluginSpecBuilders UP-TO-DATE
> Task :buildSrc:compilePluginsBlocks UP-TO-DATE
> Task :buildSrc:generatePrecompiledScriptPluginAccessors UP-TO-DATE
> Task :buildSrc:configurePrecompiledScriptDependenciesResolver
> Task :buildSrc:generateScriptPluginAdapters UP-TO-DATE
> Task :buildSrc:compileKotlin UP-TO-DATE
> Task :buildSrc:compileJava NO-SOURCE
> Task :buildSrc:compileGroovy NO-SOURCE
> Task :buildSrc:pluginDescriptors UP-TO-DATE
> Task :buildSrc:processResources UP-TO-DATE
> Task :buildSrc:classes UP-TO-DATE
> Task :buildSrc:inspectClassesForKotlinIC UP-TO-DATE
> Task :buildSrc:jar UP-TO-DATE
> Task :buildSrc:assemble UP-TO-DATE
> Task :buildSrc:compileTestKotlin NO-SOURCE
> Task :buildSrc:pluginUnderTestMetadata UP-TO-DATE
> Task :buildSrc:compileTestJava NO-SOURCE
> Task :buildSrc:compileTestGroovy NO-SOURCE
> Task :buildSrc:processTestResources NO-SOURCE
> Task :buildSrc:testClasses UP-TO-DATE
> Task :buildSrc:test NO-SOURCE
> Task :buildSrc:validatePlugins UP-TO-DATE
> Task :buildSrc:check UP-TO-DATE
> Task :buildSrc:build UP-TO-DATE

> Configure project :plugin
WARNING: Unsupported Kotlin plugin version.
The `embedded-kotlin` and `kotlin-dsl` plugins rely on features of Kotlin `1.4.20` that might work differently than in the requested version `1.4.21`.

> Task :compileKotlin NO-SOURCE
> Task :compileJava NO-SOURCE
> Task :processResources NO-SOURCE
> Task :classes UP-TO-DATE
> Task :inspectClassesForKotlinIC
> Task :jar
> Task :assemble
> Task :specs:compileKotlin FROM-CACHE
> Task :specs:compileJava NO-SOURCE
> Task :specs:processResources NO-SOURCE
> Task :specs:classes UP-TO-DATE
> Task :specs:inspectClassesForKotlinIC
> Task :specs:jar
> Task :specs:assemble
> Task :plugin:compileKotlin FROM-CACHE
> Task :plugin:compileJava NO-SOURCE
> Task :plugin:pluginDescriptors
> Task :plugin:processResources
> Task :plugin:classes
> Task :plugin:inspectClassesForKotlinIC
> Task :plugin:jar
> Task :plugin:publishPluginJar
> Task :plugin:javadoc NO-SOURCE
> Task :plugin:publishPluginJavaDocsJar
> Task :plugin:assemble

BUILD SUCCESSFUL in 472ms
12 actionable tasks: 10 executed, 2 from cache

Publishing build scan...
https://gradle.com/s/w4liczkafrsui

Used daemon with pid 6439
Execution time 866 ms

* Stopping daemons
Running command /Users/rbusarow/.gradle-profiler-user-home/wrapper/dists/gradle-6.8-rc-4-bin/3epnh8olf7pivejgy314eg3hc/gradle-6.8-rc-4/bin/gradle --stop --gradle-user-home /Users/rbusarow/.gradle-profiler-user-home
Stopping Daemon(s)
1 Daemon stopped

* Running scenario All Tests using Gradle 6.8-rc-4 (scenario 2/2)

* Stopping daemons
Running command /Users/rbusarow/.gradle-profiler-user-home/wrapper/dists/gradle-6.8-rc-4-bin/3epnh8olf7pivejgy314eg3hc/gradle-6.8-rc-4/bin/gradle --stop --gradle-user-home /Users/rbusarow/.gradle-profiler-user-home
No Gradle daemons are running.

* Build details
Gradle version: Gradle 6.8-rc-4
Java home: /Library/Java/JavaVirtualMachines/adoptopenjdk-11.jdk/Contents/Home
OS: mac os x x86_64 10.16
JVM args:
  -XX:+UseParallelGC
  --add-opens
  java.base/java.util=ALL-UNNAMED
  --add-opens
  java.base/java.lang=ALL-UNNAMED
  --add-opens
  java.base/java.lang.invoke=ALL-UNNAMED
  --add-opens
  java.prefs/java.util.prefs=ALL-UNNAMED
  -Xmx2048m
  -Dfile.encoding=UTF-8
  -Duser.country=US
  -Duser.language=en
  -Duser.variant
  -Dfile.encoding=UTF-8
  -Dorg.gradle.profiler.scenario=tests
Gradle args:
  --gradle-user-home
  /Users/rbusarow/.gradle-profiler-user-home
  --rerun-tasks
  --continue
  -I
  /private/var/folders/nz/qq91q4w53ngds96m8cq1sdsr0000gn/T/gradleProfiler5558470122814973307.gradle

* Running cleanup for warm-up build #1
> Task :buildSrc:extractPrecompiledScriptPluginPlugins
> Task :buildSrc:generateExternalPluginSpecBuilders
> Task :buildSrc:compilePluginsBlocks
> Task :buildSrc:generatePrecompiledScriptPluginAccessors
> Task :buildSrc:configurePrecompiledScriptDependenciesResolver
> Task :buildSrc:generateScriptPluginAdapters
> Task :buildSrc:compileKotlin
> Task :buildSrc:compileJava NO-SOURCE
> Task :buildSrc:compileGroovy NO-SOURCE
> Task :buildSrc:pluginDescriptors
> Task :buildSrc:processResources
> Task :buildSrc:classes
> Task :buildSrc:inspectClassesForKotlinIC
> Task :buildSrc:jar
> Task :buildSrc:assemble
> Task :buildSrc:compileTestKotlin NO-SOURCE
> Task :buildSrc:pluginUnderTestMetadata
> Task :buildSrc:compileTestJava NO-SOURCE
> Task :buildSrc:compileTestGroovy NO-SOURCE
> Task :buildSrc:processTestResources NO-SOURCE
> Task :buildSrc:testClasses UP-TO-DATE
> Task :buildSrc:test NO-SOURCE
> Task :buildSrc:validatePlugins
> Task :buildSrc:check
> Task :buildSrc:build

> Configure project :plugin
WARNING: Unsupported Kotlin plugin version.
The `embedded-kotlin` and `kotlin-dsl` plugins rely on features of Kotlin `1.4.20` that might work differently than in the requested version `1.4.21`.

> Task :clean
> Task :specs:clean
> Task :plugin:clean

BUILD SUCCESSFUL in 40s
3 actionable tasks: 3 executed

Publishing build scan...
https://gradle.com/s/2qp4iuvdh5jge

Used daemon with pid 6681

* Running warm-up build #1
> Task :buildSrc:extractPrecompiledScriptPluginPlugins
> Task :buildSrc:generateExternalPluginSpecBuilders
> Task :buildSrc:compilePluginsBlocks
> Task :buildSrc:generatePrecompiledScriptPluginAccessors
> Task :buildSrc:configurePrecompiledScriptDependenciesResolver
> Task :buildSrc:generateScriptPluginAdapters
> Task :buildSrc:compileKotlin
> Task :buildSrc:compileJava NO-SOURCE
> Task :buildSrc:compileGroovy NO-SOURCE
> Task :buildSrc:pluginDescriptors
> Task :buildSrc:processResources
> Task :buildSrc:classes
> Task :buildSrc:inspectClassesForKotlinIC
> Task :buildSrc:jar
> Task :buildSrc:assemble
> Task :buildSrc:compileTestKotlin NO-SOURCE
> Task :buildSrc:pluginUnderTestMetadata
> Task :buildSrc:compileTestJava NO-SOURCE
> Task :buildSrc:compileTestGroovy NO-SOURCE
> Task :buildSrc:processTestResources NO-SOURCE
> Task :buildSrc:testClasses UP-TO-DATE
> Task :buildSrc:test NO-SOURCE
> Task :buildSrc:validatePlugins
> Task :buildSrc:check
> Task :buildSrc:build

> Configure project :plugin
WARNING: Unsupported Kotlin plugin version.
The `embedded-kotlin` and `kotlin-dsl` plugins rely on features of Kotlin `1.4.20` that might work differently than in the requested version `1.4.21`.

> Task :specs:compileKotlin
> Task :specs:compileJava NO-SOURCE
> Task :specs:processResources NO-SOURCE
> Task :specs:classes UP-TO-DATE
> Task :specs:inspectClassesForKotlinIC
> Task :specs:jar
> Task :specs:compileTestKotlin NO-SOURCE
> Task :specs:compileTestJava NO-SOURCE
> Task :specs:processTestResources NO-SOURCE
> Task :specs:testClasses UP-TO-DATE
> Task :specs:test NO-SOURCE
> Task :specs:testJvm UP-TO-DATE

> Task :plugin:compileKotlin
w: /Users/rbusarow/projects/AndroidStudio/ModuleCheck/plugin/src/main/kotlin/com/rickbusarow/modulecheck/rule/android/DisableAndroidResourcesRule.kt: (67, 9): Variable 'ktFile' is never used
w: /Users/rbusarow/projects/AndroidStudio/ModuleCheck/plugin/src/main/kotlin/com/rickbusarow/modulecheck/rule/android/DisableViewBindingRule.kt: (65, 9): Variable 'ktFile' is never used

> Task :plugin:compileJava NO-SOURCE
> Task :plugin:pluginDescriptors
> Task :plugin:processResources
> Task :plugin:classes
> Task :plugin:compileTestKotlin
> Task :plugin:pluginUnderTestMetadata
> Task :plugin:compileTestJava NO-SOURCE
> Task :plugin:processTestResources NO-SOURCE
> Task :plugin:testClasses UP-TO-DATE

> Task :plugin:test
WARNING: An illegal reflective access operation has occurred
WARNING: Illegal reflective access by org.codehaus.groovy.reflection.CachedClass (file:/Users/rbusarow/.gradle-profiler-user-home/wrapper/dists/gradle-6.8-rc-4-bin/3epnh8olf7pivejgy314eg3hc/gradle-6.8-rc-4/lib/groovy-all-1.3-2.5.12.jar) to method java.lang.Object.finalize()
WARNING: Please consider reporting this to the maintainers of org.codehaus.groovy.reflection.CachedClass
WARNING: Use --illegal-access=warn to enable warnings of further illegal reflective access operations
WARNING: All illegal access operations will be denied in a future release

> Task :plugin:testJvm

BUILD SUCCESSFUL in 1m 38s
9 actionable tasks: 9 executed

Publishing build scan...
https://gradle.com/s/xdr3t567wyovm

Used daemon with pid 6681
Execution time 98944 ms

* Running cleanup for warm-up build #2
> Task :buildSrc:extractPrecompiledScriptPluginPlugins
> Task :buildSrc:generateExternalPluginSpecBuilders
> Task :buildSrc:compilePluginsBlocks
> Task :buildSrc:generatePrecompiledScriptPluginAccessors
> Task :buildSrc:configurePrecompiledScriptDependenciesResolver
> Task :buildSrc:generateScriptPluginAdapters
> Task :buildSrc:compileKotlin
> Task :buildSrc:compileJava NO-SOURCE
> Task :buildSrc:compileGroovy NO-SOURCE
> Task :buildSrc:pluginDescriptors
> Task :buildSrc:processResources
> Task :buildSrc:classes
> Task :buildSrc:inspectClassesForKotlinIC
> Task :buildSrc:jar
> Task :buildSrc:assemble
> Task :buildSrc:compileTestKotlin NO-SOURCE
> Task :buildSrc:pluginUnderTestMetadata
> Task :buildSrc:compileTestJava NO-SOURCE
> Task :buildSrc:compileTestGroovy NO-SOURCE
> Task :buildSrc:processTestResources NO-SOURCE
> Task :buildSrc:testClasses UP-TO-DATE
> Task :buildSrc:test NO-SOURCE
> Task :buildSrc:validatePlugins
> Task :buildSrc:check
> Task :buildSrc:build

> Configure project :plugin
WARNING: Unsupported Kotlin plugin version.
The `embedded-kotlin` and `kotlin-dsl` plugins rely on features of Kotlin `1.4.20` that might work differently than in the requested version `1.4.21`.

> Task :clean
> Task :specs:clean
> Task :plugin:clean

BUILD SUCCESSFUL in 8s
3 actionable tasks: 3 executed

Publishing build scan...
https://gradle.com/s/ol4off3dtovag

Used daemon with pid 6681

* Running warm-up build #2
> Task :buildSrc:extractPrecompiledScriptPluginPlugins
> Task :buildSrc:generateExternalPluginSpecBuilders
> Task :buildSrc:compilePluginsBlocks
> Task :buildSrc:generatePrecompiledScriptPluginAccessors
> Task :buildSrc:configurePrecompiledScriptDependenciesResolver
> Task :buildSrc:generateScriptPluginAdapters
> Task :buildSrc:compileKotlin
> Task :buildSrc:compileJava NO-SOURCE
> Task :buildSrc:compileGroovy NO-SOURCE
> Task :buildSrc:pluginDescriptors
> Task :buildSrc:processResources
> Task :buildSrc:classes
> Task :buildSrc:inspectClassesForKotlinIC
> Task :buildSrc:jar
> Task :buildSrc:assemble
> Task :buildSrc:compileTestKotlin NO-SOURCE
> Task :buildSrc:pluginUnderTestMetadata
> Task :buildSrc:compileTestJava NO-SOURCE
> Task :buildSrc:compileTestGroovy NO-SOURCE
> Task :buildSrc:processTestResources NO-SOURCE
> Task :buildSrc:testClasses UP-TO-DATE
> Task :buildSrc:test NO-SOURCE
> Task :buildSrc:validatePlugins
> Task :buildSrc:check
> Task :buildSrc:build

> Configure project :plugin
WARNING: Unsupported Kotlin plugin version.
The `embedded-kotlin` and `kotlin-dsl` plugins rely on features of Kotlin `1.4.20` that might work differently than in the requested version `1.4.21`.

> Task :specs:compileKotlin
> Task :specs:compileJava NO-SOURCE
> Task :specs:processResources NO-SOURCE
> Task :specs:classes UP-TO-DATE
> Task :specs:inspectClassesForKotlinIC
> Task :specs:jar
> Task :specs:compileTestKotlin NO-SOURCE
> Task :specs:compileTestJava NO-SOURCE
> Task :specs:processTestResources NO-SOURCE
> Task :specs:testClasses UP-TO-DATE
> Task :specs:test NO-SOURCE
> Task :specs:testJvm UP-TO-DATE

> Task :plugin:compileKotlin
w: /Users/rbusarow/projects/AndroidStudio/ModuleCheck/plugin/src/main/kotlin/com/rickbusarow/modulecheck/rule/android/DisableAndroidResourcesRule.kt: (67, 9): Variable 'ktFile' is never used
w: /Users/rbusarow/projects/AndroidStudio/ModuleCheck/plugin/src/main/kotlin/com/rickbusarow/modulecheck/rule/android/DisableViewBindingRule.kt: (65, 9): Variable 'ktFile' is never used

> Task :plugin:compileJava NO-SOURCE
> Task :plugin:pluginDescriptors
> Task :plugin:processResources
> Task :plugin:classes
> Task :plugin:compileTestKotlin
> Task :plugin:pluginUnderTestMetadata
> Task :plugin:compileTestJava NO-SOURCE
> Task :plugin:processTestResources NO-SOURCE
> Task :plugin:testClasses UP-TO-DATE

> Task :plugin:test
WARNING: An illegal reflective access operation has occurred
WARNING: Illegal reflective access by org.codehaus.groovy.reflection.CachedClass (file:/Users/rbusarow/.gradle-profiler-user-home/wrapper/dists/gradle-6.8-rc-4-bin/3epnh8olf7pivejgy314eg3hc/gradle-6.8-rc-4/lib/groovy-all-1.3-2.5.12.jar) to method java.lang.Object.finalize()
WARNING: Please consider reporting this to the maintainers of org.codehaus.groovy.reflection.CachedClass
WARNING: Use --illegal-access=warn to enable warnings of further illegal reflective access operations
WARNING: All illegal access operations will be denied in a future release

> Task :plugin:testJvm

BUILD SUCCESSFUL in 29s
9 actionable tasks: 9 executed

Publishing build scan...
https://gradle.com/s/fy5wpa3b5ur5q

Used daemon with pid 6681
Execution time 29591 ms

* Running cleanup for warm-up build #3
> Task :buildSrc:extractPrecompiledScriptPluginPlugins
> Task :buildSrc:generateExternalPluginSpecBuilders
> Task :buildSrc:compilePluginsBlocks
> Task :buildSrc:generatePrecompiledScriptPluginAccessors
> Task :buildSrc:configurePrecompiledScriptDependenciesResolver
> Task :buildSrc:generateScriptPluginAdapters
> Task :buildSrc:compileKotlin
> Task :buildSrc:compileJava NO-SOURCE
> Task :buildSrc:compileGroovy NO-SOURCE
> Task :buildSrc:pluginDescriptors
> Task :buildSrc:processResources
> Task :buildSrc:classes
> Task :buildSrc:inspectClassesForKotlinIC
> Task :buildSrc:jar
> Task :buildSrc:assemble
> Task :buildSrc:compileTestKotlin NO-SOURCE
> Task :buildSrc:pluginUnderTestMetadata
> Task :buildSrc:compileTestJava NO-SOURCE
> Task :buildSrc:compileTestGroovy NO-SOURCE
> Task :buildSrc:processTestResources NO-SOURCE
> Task :buildSrc:testClasses UP-TO-DATE
> Task :buildSrc:test NO-SOURCE
> Task :buildSrc:validatePlugins
> Task :buildSrc:check
> Task :buildSrc:build

> Configure project :plugin
WARNING: Unsupported Kotlin plugin version.
The `embedded-kotlin` and `kotlin-dsl` plugins rely on features of Kotlin `1.4.20` that might work differently than in the requested version `1.4.21`.

> Task :clean
> Task :specs:clean
> Task :plugin:clean

BUILD SUCCESSFUL in 4s
3 actionable tasks: 3 executed

Publishing build scan...
https://gradle.com/s/5rzhenrgpr5po

Used daemon with pid 6681

* Running warm-up build #3
> Task :buildSrc:extractPrecompiledScriptPluginPlugins
> Task :buildSrc:generateExternalPluginSpecBuilders
> Task :buildSrc:compilePluginsBlocks
> Task :buildSrc:generatePrecompiledScriptPluginAccessors
> Task :buildSrc:configurePrecompiledScriptDependenciesResolver
> Task :buildSrc:generateScriptPluginAdapters
> Task :buildSrc:compileKotlin
> Task :buildSrc:compileJava NO-SOURCE
> Task :buildSrc:compileGroovy NO-SOURCE
> Task :buildSrc:pluginDescriptors
> Task :buildSrc:processResources
> Task :buildSrc:classes
> Task :buildSrc:inspectClassesForKotlinIC
> Task :buildSrc:jar
> Task :buildSrc:assemble
> Task :buildSrc:compileTestKotlin NO-SOURCE
> Task :buildSrc:pluginUnderTestMetadata
> Task :buildSrc:compileTestJava NO-SOURCE
> Task :buildSrc:compileTestGroovy NO-SOURCE
> Task :buildSrc:processTestResources NO-SOURCE
> Task :buildSrc:testClasses UP-TO-DATE
> Task :buildSrc:test NO-SOURCE
> Task :buildSrc:validatePlugins
> Task :buildSrc:check
> Task :buildSrc:build

> Configure project :plugin
WARNING: Unsupported Kotlin plugin version.
The `embedded-kotlin` and `kotlin-dsl` plugins rely on features of Kotlin `1.4.20` that might work differently than in the requested version `1.4.21`.

> Task :specs:compileKotlin
> Task :specs:compileJava NO-SOURCE
> Task :specs:processResources NO-SOURCE
> Task :specs:classes UP-TO-DATE
> Task :specs:inspectClassesForKotlinIC
> Task :specs:jar
> Task :specs:compileTestKotlin NO-SOURCE
> Task :specs:compileTestJava NO-SOURCE
> Task :specs:processTestResources NO-SOURCE
> Task :specs:testClasses UP-TO-DATE
> Task :specs:test NO-SOURCE
> Task :specs:testJvm UP-TO-DATE

> Task :plugin:compileKotlin
w: /Users/rbusarow/projects/AndroidStudio/ModuleCheck/plugin/src/main/kotlin/com/rickbusarow/modulecheck/rule/android/DisableAndroidResourcesRule.kt: (67, 9): Variable 'ktFile' is never used
w: /Users/rbusarow/projects/AndroidStudio/ModuleCheck/plugin/src/main/kotlin/com/rickbusarow/modulecheck/rule/android/DisableViewBindingRule.kt: (65, 9): Variable 'ktFile' is never used

> Task :plugin:compileJava NO-SOURCE
> Task :plugin:pluginDescriptors
> Task :plugin:processResources
> Task :plugin:classes
> Task :plugin:compileTestKotlin
> Task :plugin:pluginUnderTestMetadata
> Task :plugin:compileTestJava NO-SOURCE
> Task :plugin:processTestResources NO-SOURCE
> Task :plugin:testClasses UP-TO-DATE

> Task :plugin:test
WARNING: An illegal reflective access operation has occurred
WARNING: Illegal reflective access by org.codehaus.groovy.reflection.CachedClass (file:/Users/rbusarow/.gradle-profiler-user-home/wrapper/dists/gradle-6.8-rc-4-bin/3epnh8olf7pivejgy314eg3hc/gradle-6.8-rc-4/lib/groovy-all-1.3-2.5.12.jar) to method java.lang.Object.finalize()
WARNING: Please consider reporting this to the maintainers of org.codehaus.groovy.reflection.CachedClass
WARNING: Use --illegal-access=warn to enable warnings of further illegal reflective access operations
WARNING: All illegal access operations will be denied in a future release

> Task :plugin:testJvm

BUILD SUCCESSFUL in 26s
9 actionable tasks: 9 executed

Publishing build scan...
https://gradle.com/s/6hnulyryqrz4a

Used daemon with pid 6681
Execution time 27204 ms

* Using args for instrumented builds:

* Running cleanup for measured build #1
> Task :buildSrc:extractPrecompiledScriptPluginPlugins
> Task :buildSrc:generateExternalPluginSpecBuilders
> Task :buildSrc:compilePluginsBlocks
> Task :buildSrc:generatePrecompiledScriptPluginAccessors
> Task :buildSrc:configurePrecompiledScriptDependenciesResolver
> Task :buildSrc:generateScriptPluginAdapters
> Task :buildSrc:compileKotlin
> Task :buildSrc:compileJava NO-SOURCE
> Task :buildSrc:compileGroovy NO-SOURCE
> Task :buildSrc:pluginDescriptors
> Task :buildSrc:processResources
> Task :buildSrc:classes
> Task :buildSrc:inspectClassesForKotlinIC
> Task :buildSrc:jar
> Task :buildSrc:assemble
> Task :buildSrc:compileTestKotlin NO-SOURCE
> Task :buildSrc:pluginUnderTestMetadata
> Task :buildSrc:compileTestJava NO-SOURCE
> Task :buildSrc:compileTestGroovy NO-SOURCE
> Task :buildSrc:processTestResources NO-SOURCE
> Task :buildSrc:testClasses UP-TO-DATE
> Task :buildSrc:test NO-SOURCE
> Task :buildSrc:validatePlugins
> Task :buildSrc:check
> Task :buildSrc:build

> Configure project :plugin
WARNING: Unsupported Kotlin plugin version.
The `embedded-kotlin` and `kotlin-dsl` plugins rely on features of Kotlin `1.4.20` that might work differently than in the requested version `1.4.21`.

> Task :clean
> Task :specs:clean
> Task :plugin:clean

BUILD SUCCESSFUL in 4s
3 actionable tasks: 3 executed

Publishing build scan...
https://gradle.com/s/ypx3xwcca4g7m

Used daemon with pid 6681

* Running measured build #1
> Task :buildSrc:extractPrecompiledScriptPluginPlugins
> Task :buildSrc:generateExternalPluginSpecBuilders
> Task :buildSrc:compilePluginsBlocks
> Task :buildSrc:generatePrecompiledScriptPluginAccessors
> Task :buildSrc:configurePrecompiledScriptDependenciesResolver
> Task :buildSrc:generateScriptPluginAdapters
> Task :buildSrc:compileKotlin
> Task :buildSrc:compileJava NO-SOURCE
> Task :buildSrc:compileGroovy NO-SOURCE
> Task :buildSrc:pluginDescriptors
> Task :buildSrc:processResources
> Task :buildSrc:classes
> Task :buildSrc:inspectClassesForKotlinIC
> Task :buildSrc:jar
> Task :buildSrc:assemble
> Task :buildSrc:compileTestKotlin NO-SOURCE
> Task :buildSrc:pluginUnderTestMetadata
> Task :buildSrc:compileTestJava NO-SOURCE
> Task :buildSrc:compileTestGroovy NO-SOURCE
> Task :buildSrc:processTestResources NO-SOURCE
> Task :buildSrc:testClasses UP-TO-DATE
> Task :buildSrc:test NO-SOURCE
> Task :buildSrc:validatePlugins
> Task :buildSrc:check
> Task :buildSrc:build

> Configure project :plugin
WARNING: Unsupported Kotlin plugin version.
The `embedded-kotlin` and `kotlin-dsl` plugins rely on features of Kotlin `1.4.20` that might work differently than in the requested version `1.4.21`.

> Task :specs:compileKotlin
> Task :specs:compileJava NO-SOURCE
> Task :specs:processResources NO-SOURCE
> Task :specs:classes UP-TO-DATE
> Task :specs:inspectClassesForKotlinIC
> Task :specs:jar
> Task :specs:compileTestKotlin NO-SOURCE
> Task :specs:compileTestJava NO-SOURCE
> Task :specs:processTestResources NO-SOURCE
> Task :specs:testClasses UP-TO-DATE
> Task :specs:test NO-SOURCE
> Task :specs:testJvm UP-TO-DATE

> Task :plugin:compileKotlin
w: /Users/rbusarow/projects/AndroidStudio/ModuleCheck/plugin/src/main/kotlin/com/rickbusarow/modulecheck/rule/android/DisableAndroidResourcesRule.kt: (67, 9): Variable 'ktFile' is never used
w: /Users/rbusarow/projects/AndroidStudio/ModuleCheck/plugin/src/main/kotlin/com/rickbusarow/modulecheck/rule/android/DisableViewBindingRule.kt: (65, 9): Variable 'ktFile' is never used

> Task :plugin:compileJava NO-SOURCE
> Task :plugin:pluginDescriptors
> Task :plugin:processResources
> Task :plugin:classes
> Task :plugin:compileTestKotlin
> Task :plugin:pluginUnderTestMetadata
> Task :plugin:compileTestJava NO-SOURCE
> Task :plugin:processTestResources NO-SOURCE
> Task :plugin:testClasses UP-TO-DATE

> Task :plugin:test
WARNING: An illegal reflective access operation has occurred
WARNING: Illegal reflective access by org.codehaus.groovy.reflection.CachedClass (file:/Users/rbusarow/.gradle-profiler-user-home/wrapper/dists/gradle-6.8-rc-4-bin/3epnh8olf7pivejgy314eg3hc/gradle-6.8-rc-4/lib/groovy-all-1.3-2.5.12.jar) to method java.lang.Object.finalize()
WARNING: Please consider reporting this to the maintainers of org.codehaus.groovy.reflection.CachedClass
WARNING: Use --illegal-access=warn to enable warnings of further illegal reflective access operations
WARNING: All illegal access operations will be denied in a future release

> Task :plugin:testJvm

BUILD SUCCESSFUL in 25s
9 actionable tasks: 9 executed

Publishing build scan...
https://gradle.com/s/btirwfsxeyzds

Used daemon with pid 6681
Execution time 26171 ms

* Running cleanup for measured build #2
> Task :buildSrc:extractPrecompiledScriptPluginPlugins
> Task :buildSrc:generateExternalPluginSpecBuilders
> Task :buildSrc:compilePluginsBlocks
> Task :buildSrc:generatePrecompiledScriptPluginAccessors
> Task :buildSrc:configurePrecompiledScriptDependenciesResolver
> Task :buildSrc:generateScriptPluginAdapters
> Task :buildSrc:compileKotlin
> Task :buildSrc:compileJava NO-SOURCE
> Task :buildSrc:compileGroovy NO-SOURCE
> Task :buildSrc:pluginDescriptors
> Task :buildSrc:processResources
> Task :buildSrc:classes
> Task :buildSrc:inspectClassesForKotlinIC
> Task :buildSrc:jar
> Task :buildSrc:assemble
> Task :buildSrc:compileTestKotlin NO-SOURCE
> Task :buildSrc:pluginUnderTestMetadata
> Task :buildSrc:compileTestJava NO-SOURCE
> Task :buildSrc:compileTestGroovy NO-SOURCE
> Task :buildSrc:processTestResources NO-SOURCE
> Task :buildSrc:testClasses UP-TO-DATE
> Task :buildSrc:test NO-SOURCE
> Task :buildSrc:validatePlugins
> Task :buildSrc:check
> Task :buildSrc:build

> Configure project :plugin
WARNING: Unsupported Kotlin plugin version.
The `embedded-kotlin` and `kotlin-dsl` plugins rely on features of Kotlin `1.4.20` that might work differently than in the requested version `1.4.21`.

> Task :clean
> Task :specs:clean
> Task :plugin:clean

BUILD SUCCESSFUL in 3s
3 actionable tasks: 3 executed

Publishing build scan...
https://gradle.com/s/6ffvpdnwjiyqw

Used daemon with pid 6681

* Running measured build #2
> Task :buildSrc:extractPrecompiledScriptPluginPlugins
> Task :buildSrc:generateExternalPluginSpecBuilders
> Task :buildSrc:compilePluginsBlocks
> Task :buildSrc:generatePrecompiledScriptPluginAccessors
> Task :buildSrc:configurePrecompiledScriptDependenciesResolver
> Task :buildSrc:generateScriptPluginAdapters
> Task :buildSrc:compileKotlin
> Task :buildSrc:compileJava NO-SOURCE
> Task :buildSrc:compileGroovy NO-SOURCE
> Task :buildSrc:pluginDescriptors
> Task :buildSrc:processResources
> Task :buildSrc:classes
> Task :buildSrc:inspectClassesForKotlinIC
> Task :buildSrc:jar
> Task :buildSrc:assemble
> Task :buildSrc:compileTestKotlin NO-SOURCE
> Task :buildSrc:pluginUnderTestMetadata
> Task :buildSrc:compileTestJava NO-SOURCE
> Task :buildSrc:compileTestGroovy NO-SOURCE
> Task :buildSrc:processTestResources NO-SOURCE
> Task :buildSrc:testClasses UP-TO-DATE
> Task :buildSrc:test NO-SOURCE
> Task :buildSrc:validatePlugins
> Task :buildSrc:check
> Task :buildSrc:build

> Configure project :plugin
WARNING: Unsupported Kotlin plugin version.
The `embedded-kotlin` and `kotlin-dsl` plugins rely on features of Kotlin `1.4.20` that might work differently than in the requested version `1.4.21`.

> Task :specs:compileKotlin
> Task :specs:compileJava NO-SOURCE
> Task :specs:processResources NO-SOURCE
> Task :specs:classes UP-TO-DATE
> Task :specs:inspectClassesForKotlinIC
> Task :specs:jar
> Task :specs:compileTestKotlin NO-SOURCE
> Task :specs:compileTestJava NO-SOURCE
> Task :specs:processTestResources NO-SOURCE
> Task :specs:testClasses UP-TO-DATE
> Task :specs:test NO-SOURCE
> Task :specs:testJvm UP-TO-DATE

> Task :plugin:compileKotlin
w: /Users/rbusarow/projects/AndroidStudio/ModuleCheck/plugin/src/main/kotlin/com/rickbusarow/modulecheck/rule/android/DisableAndroidResourcesRule.kt: (67, 9): Variable 'ktFile' is never used
w: /Users/rbusarow/projects/AndroidStudio/ModuleCheck/plugin/src/main/kotlin/com/rickbusarow/modulecheck/rule/android/DisableViewBindingRule.kt: (65, 9): Variable 'ktFile' is never used

> Task :plugin:compileJava NO-SOURCE
> Task :plugin:pluginDescriptors
> Task :plugin:processResources
> Task :plugin:classes
> Task :plugin:compileTestKotlin
> Task :plugin:pluginUnderTestMetadata
> Task :plugin:compileTestJava NO-SOURCE
> Task :plugin:processTestResources NO-SOURCE
> Task :plugin:testClasses UP-TO-DATE

> Task :plugin:test
WARNING: An illegal reflective access operation has occurred
WARNING: Illegal reflective access by org.codehaus.groovy.reflection.CachedClass (file:/Users/rbusarow/.gradle-profiler-user-home/wrapper/dists/gradle-6.8-rc-4-bin/3epnh8olf7pivejgy314eg3hc/gradle-6.8-rc-4/lib/groovy-all-1.3-2.5.12.jar) to method java.lang.Object.finalize()
WARNING: Please consider reporting this to the maintainers of org.codehaus.groovy.reflection.CachedClass
WARNING: Use --illegal-access=warn to enable warnings of further illegal reflective access operations
WARNING: All illegal access operations will be denied in a future release
