
* Started at 2021-01-05T02:50:26.173350Z

* Settings
Project dir: ../..
Output dir: reports/profile_01-04-2021_20:50
Profiler: none
Benchmark: true
Versions: []
Gradle User Home: /Users/rbusarow/.gradle-profiler-user-home
Targets: []
Builds: 10

* Inspecting the build using its default Gradle version
> Task :buildSrc:extractPrecompiledScriptPluginPlugins UP-TO-DATE
> Task :buildSrc:generateExternalPluginSpecBuilders UP-TO-DATE
> Task :buildSrc:compilePluginsBlocks UP-TO-DATE
> Task :buildSrc:generatePrecompiledScriptPluginAccessors UP-TO-DATE
> Task :buildSrc:configurePrecompiledScriptDependenciesResolver
> Task :buildSrc:generateScriptPluginAdapters UP-TO-DATE
> Task :buildSrc:compileKotlin UP-TO-DATE
> Task :buildSrc:compileJava NO-SOURCE
> Task :buildSrc:compileGroovy NO-SOURCE
> Task :buildSrc:pluginDescriptors UP-TO-DATE
> Task :buildSrc:processResources UP-TO-DATE
> Task :buildSrc:classes UP-TO-DATE
> Task :buildSrc:inspectClassesForKotlinIC UP-TO-DATE
> Task :buildSrc:jar UP-TO-DATE
> Task :buildSrc:assemble UP-TO-DATE
> Task :buildSrc:compileTestKotlin NO-SOURCE
> Task :buildSrc:pluginUnderTestMetadata UP-TO-DATE
> Task :buildSrc:compileTestJava NO-SOURCE
> Task :buildSrc:compileTestGroovy NO-SOURCE
> Task :buildSrc:processTestResources NO-SOURCE
> Task :buildSrc:testClasses UP-TO-DATE
> Task :buildSrc:test NO-SOURCE
> Task :buildSrc:validatePlugins UP-TO-DATE
> Task :buildSrc:check UP-TO-DATE
> Task :buildSrc:build UP-TO-DATE

> Configure project :plugin
WARNING: Unsupported Kotlin plugin version.
The `embedded-kotlin` and `kotlin-dsl` plugins rely on features of Kotlin `1.4.20` that might work differently than in the requested version `1.4.21`.

> Task :help

Welcome to Gradle 6.8-rc-5.

To run a build, run gradle <task> ...

To see a list of available tasks, run gradle tasks

To see a list of command-line options, run gradle --help

To see more detail about a task, run gradle help --task <task>

For troubleshooting, visit https://help.gradle.org

BUILD SUCCESSFUL in 5s
1 actionable task: 1 executed

Publishing build scan...
https://gradle.com/s/wm25ulgi27p5s


* Stopping daemons
Running command /Users/rbusarow/.gradle-profiler-user-home/wrapper/dists/gradle-6.8-rc-5-bin/esyiyuj6flvs53241kf549357/gradle-6.8-rc-5/bin/gradle --stop --gradle-user-home /Users/rbusarow/.gradle-profiler-user-home
Stopping Daemon(s)
1 Daemon stopped

* Scenarios
Scenario: Clean Build using Gradle 6.8-rc-5
  Gradle 6.8-rc-5 (/Users/rbusarow/.gradle-profiler-user-home/wrapper/dists/gradle-6.8-rc-5-bin/esyiyuj6flvs53241kf549357/gradle-6.8-rc-5)
  Run using: Tooling API
  Run: run tasks assemble
  Cleanup: run tasks clean
  Gradle args: [--no-daemon]
  Build changes: []
  Warm-ups: 6
  Builds: 10
Scenario: All Tests using Gradle 6.8-rc-5
  Gradle 6.8-rc-5 (/Users/rbusarow/.gradle-profiler-user-home/wrapper/dists/gradle-6.8-rc-5-bin/esyiyuj6flvs53241kf549357/gradle-6.8-rc-5)
  Run using: Tooling API
  Run: run tasks testJvm
  Cleanup: run tasks clean
  Gradle args: [--rerun-tasks, --continue, --no-daemon]
  Build changes: []
  Warm-ups: 6
  Builds: 10

* Running scenario Clean Build using Gradle 6.8-rc-5 (scenario 1/2)

* Stopping daemons
Running command /Users/rbusarow/.gradle-profiler-user-home/wrapper/dists/gradle-6.8-rc-5-bin/esyiyuj6flvs53241kf549357/gradle-6.8-rc-5/bin/gradle --stop --gradle-user-home /Users/rbusarow/.gradle-profiler-user-home
No Gradle daemons are running.

* Build details
Gradle version: Gradle 6.8-rc-5
Java home: /Library/Java/JavaVirtualMachines/adoptopenjdk-11.jdk/Contents/Home
OS: mac os x x86_64 10.16
JVM args:
  -XX:+UseParallelGC
  --add-opens
  java.base/java.util=ALL-UNNAMED
  --add-opens
  java.base/java.lang=ALL-UNNAMED
  --add-opens
  java.base/java.lang.invoke=ALL-UNNAMED
  --add-opens
  java.prefs/java.util.prefs=ALL-UNNAMED
  -Xmx2048m
  -Dfile.encoding=UTF-8
  -Duser.country=US
  -Duser.language=en
  -Duser.variant
  -Dfile.encoding=UTF-8
  -Dorg.gradle.profiler.scenario=clean_build
Gradle args:
  --gradle-user-home
  /Users/rbusarow/.gradle-profiler-user-home
  --no-daemon
  -I
  /private/var/folders/nz/qq91q4w53ngds96m8cq1sdsr0000gn/T/gradleProfiler6055870627075001275.gradle

* Running cleanup for warm-up build #1

ERROR: failed to run build. See log file for details.


* Stopping daemons
Running command /Users/rbusarow/.gradle-profiler-user-home/wrapper/dists/gradle-6.8-rc-5-bin/esyiyuj6flvs53241kf549357/gradle-6.8-rc-5/bin/gradle --stop --gradle-user-home /Users/rbusarow/.gradle-profiler-user-home
No Gradle daemons are running.
org.gradle.tooling.exceptions.UnsupportedBuildArgumentException: Could not execute build using connection to Gradle installation '/Users/rbusarow/.gradle-profiler-user-home/wrapper/dists/gradle-6.8-rc-5-bin/esyiyuj6flvs53241kf549357/gradle-6.8-rc-5'.
Problem with provided build arguments: [--gradle-user-home, /Users/rbusarow/.gradle-profiler-user-home, --no-daemon, -I, /private/var/folders/nz/qq91q4w53ngds96m8cq1sdsr0000gn/T/gradleProfiler6055870627075001275.gradle]. 
Unknown command-line option '--no-daemon'.
Either it is not a valid build option or it is not supported in the target Gradle version.
Not all of the Gradle command line options are supported build arguments.
Examples of supported build arguments: '--info', '-p'.
Examples of unsupported build options: '--daemon', '-?', '-v'.
Please find more information in the javadoc for the BuildLauncher class.
	at org.gradle.tooling.internal.consumer.ExceptionTransformer.transform(ExceptionTransformer.java:40)
	at org.gradle.tooling.internal.consumer.ExceptionTransformer.transform(ExceptionTransformer.java:29)
	at org.gradle.tooling.internal.consumer.ResultHandlerAdapter.onFailure(ResultHandlerAdapter.java:43)
	at org.gradle.tooling.internal.consumer.async.DefaultAsyncConsumerActionExecutor.lambda$run$0(DefaultAsyncConsumerActionExecutor.java:64)
	at org.gradle.internal.concurrent.ExecutorPolicy$CatchAndRecordFailures.onExecute(ExecutorPolicy.java:64)
	at org.gradle.internal.concurrent.ManagedExecutorImpl$1.run(ManagedExecutorImpl.java:48)
	at java.base/java.util.concurrent.ThreadPoolExecutor.runWorker(ThreadPoolExecutor.java:1128)
	at java.base/java.util.concurrent.ThreadPoolExecutor$Worker.run(ThreadPoolExecutor.java:628)
	at org.gradle.internal.concurrent.ThreadFactoryImpl$ManagedThreadRunnable.run(ThreadFactoryImpl.java:56)
	at java.base/java.lang.Thread.run(Thread.java:834)
	at org.gradle.tooling.internal.consumer.BlockingResultHandler.getResult(BlockingResultHandler.java:46)
	at org.gradle.tooling.internal.consumer.DefaultBuildLauncher.run(DefaultBuildLauncher.java:83)
	at org.gradle.profiler.ToolingApiGradleClient.lambda$runTasks$0(ToolingApiGradleClient.java:51)
	at org.gradle.profiler.ToolingApiGradleClient.run(ToolingApiGradleClient.java:29)
	at org.gradle.profiler.ToolingApiGradleClient.runOperation(ToolingApiGradleClient.java:42)
	at org.gradle.profiler.ToolingApiGradleClient.runTasks(ToolingApiGradleClient.java:47)
	at org.gradle.profiler.RunTasksAction.run(RunTasksAction.java:36)
	at org.gradle.profiler.GradleInvokerBuildAction.run(GradleInvokerBuildAction.java:10)
	at org.gradle.profiler.BuildUnderTestInvoker$InvokeAndMeasureAction.run(BuildUnderTestInvoker.java:59)
	at org.gradle.profiler.BuildUnderTestInvoker$InvokeAndMeasureAction.run(BuildUnderTestInvoker.java:40)
	at org.gradle.profiler.RunCleanupStepAction.run(RunCleanupStepAction.java:28)
	at org.gradle.profiler.GradleScenarioInvoker.doRun(GradleScenarioInvoker.java:112)
	at org.gradle.profiler.GradleScenarioInvoker.doRun(GradleScenarioInvoker.java:21)
	at org.gradle.profiler.ScenarioInvoker.run(ScenarioInvoker.java:17)
	at org.gradle.profiler.Main.invoke(Main.java:110)
	at org.gradle.profiler.Main.run(Main.java:76)
	at org.gradle.profiler.Main.main(Main.java:18)
Caused by: org.gradle.tooling.internal.protocol.exceptions.InternalUnsupportedBuildArgumentException: Problem with provided build arguments: [--gradle-user-home, /Users/rbusarow/.gradle-profiler-user-home, --no-daemon, -I, /private/var/folders/nz/qq91q4w53ngds96m8cq1sdsr0000gn/T/gradleProfiler6055870627075001275.gradle]. 
Unknown command-line option '--no-daemon'.
Either it is not a valid build option or it is not supported in the target Gradle version.
Not all of the Gradle command line options are supported build arguments.
Examples of supported build arguments: '--info', '-p'.
Examples of unsupported build options: '--daemon', '-?', '-v'.
Please find more information in the javadoc for the BuildLauncher class.
	at org.gradle.tooling.internal.provider.ProviderStartParameterConverter.toStartParameter(ProviderStartParameterConverter.java:82)
	at org.gradle.tooling.internal.provider.ProviderConnection.run(ProviderConnection.java:141)
	at org.gradle.tooling.internal.provider.DefaultConnection.getModel(DefaultConnection.java:202)
	at org.gradle.tooling.internal.consumer.connection.CancellableModelBuilderBackedModelProducer.produceModel(CancellableModelBuilderBackedModelProducer.java:54)
	at org.gradle.tooling.internal.consumer.connection.PluginClasspathInjectionSupportedCheckModelProducer.produceModel(PluginClasspathInjectionSupportedCheckModelProducer.java:38)
	at org.gradle.tooling.internal.consumer.connection.AbstractConsumerConnection.run(AbstractConsumerConnection.java:64)
	at org.gradle.tooling.internal.consumer.connection.ParameterValidatingConsumerConnection.run(ParameterValidatingConsumerConnection.java:49)
	at org.gradle.tooling.internal.consumer.DefaultBuildLauncher$1.run(DefaultBuildLauncher.java:97)
	at org.gradle.tooling.internal.consumer.DefaultBuildLauncher$1.run(DefaultBuildLauncher.java:89)
	at org.gradle.tooling.internal.consumer.connection.LazyConsumerActionExecutor.run(LazyConsumerActionExecutor.java:130)
	at org.gradle.tooling.internal.consumer.connection.CancellableConsumerActionExecutor.run(CancellableConsumerActionExecutor.java:45)
	at org.gradle.tooling.internal.consumer.connection.ProgressLoggingConsumerActionExecutor.run(ProgressLoggingConsumerActionExecutor.java:61)
	at org.gradle.tooling.internal.consumer.connection.RethrowingErrorsConsumerActionExecutor.run(RethrowingErrorsConsumerActionExecutor.java:38)
	at org.gradle.tooling.internal.consumer.async.DefaultAsyncConsumerActionExecutor.lambda$run$0(DefaultAsyncConsumerActionExecutor.java:62)
	at org.gradle.internal.concurrent.ExecutorPolicy$CatchAndRecordFailures.onExecute(ExecutorPolicy.java:64)
	at org.gradle.internal.concurrent.ManagedExecutorImpl$1.run(ManagedExecutorImpl.java:48)
	at java.base/java.util.concurrent.ThreadPoolExecutor.runWorker(ThreadPoolExecutor.java:1128)
	at java.base/java.util.concurrent.ThreadPoolExecutor$Worker.run(ThreadPoolExecutor.java:628)
	at org.gradle.internal.concurrent.ThreadFactoryImpl$ManagedThreadRunnable.run(ThreadFactoryImpl.java:56)
	at java.base/java.lang.Thread.run(Thread.java:834)
Caused by: org.gradle.cli.CommandLineArgumentException: Unknown command-line option '--no-daemon'.
	at org.gradle.cli.CommandLineParser$BeforeFirstSubCommand.onStartOption(CommandLineParser.java:319)
	at org.gradle.cli.CommandLineParser.parse(CommandLineParser.java:88)
	at org.gradle.tooling.internal.provider.ProviderStartParameterConverter.toStartParameter(ProviderStartParameterConverter.java:78)
	... 19 more

* Running scenario All Tests using Gradle 6.8-rc-5 (scenario 2/2)

* Stopping daemons
Running command /Users/rbusarow/.gradle-profiler-user-home/wrapper/dists/gradle-6.8-rc-5-bin/esyiyuj6flvs53241kf549357/gradle-6.8-rc-5/bin/gradle --stop --gradle-user-home /Users/rbusarow/.gradle-profiler-user-home
No Gradle daemons are running.

* Build details
Gradle version: Gradle 6.8-rc-5
Java home: /Library/Java/JavaVirtualMachines/adoptopenjdk-11.jdk/Contents/Home
OS: mac os x x86_64 10.16
JVM args:
  -XX:+UseParallelGC
  --add-opens
  java.base/java.util=ALL-UNNAMED
  --add-opens
  java.base/java.lang=ALL-UNNAMED
  --add-opens
  java.base/java.lang.invoke=ALL-UNNAMED
  --add-opens
  java.prefs/java.util.prefs=ALL-UNNAMED
  -Xmx2048m
  -Dfile.encoding=UTF-8
  -Duser.country=US
  -Duser.language=en
  -Duser.variant
  -Dfile.encoding=UTF-8
  -Dorg.gradle.profiler.scenario=tests
Gradle args:
  --gradle-user-home
  /Users/rbusarow/.gradle-profiler-user-home
  --rerun-tasks
  --continue
  --no-daemon
  -I
  /private/var/folders/nz/qq91q4w53ngds96m8cq1sdsr0000gn/T/gradleProfiler10415709776442104655.gradle

* Running cleanup for warm-up build #1

ERROR: failed to run build. See log file for details.


* Stopping daemons
Running command /Users/rbusarow/.gradle-profiler-user-home/wrapper/dists/gradle-6.8-rc-5-bin/esyiyuj6flvs53241kf549357/gradle-6.8-rc-5/bin/gradle --stop --gradle-user-home /Users/rbusarow/.gradle-profiler-user-home
No Gradle daemons are running.
org.gradle.tooling.exceptions.UnsupportedBuildArgumentException: Could not execute build using connection to Gradle installation '/Users/rbusarow/.gradle-profiler-user-home/wrapper/dists/gradle-6.8-rc-5-bin/esyiyuj6flvs53241kf549357/gradle-6.8-rc-5'.
Problem with provided build arguments: [--gradle-user-home, /Users/rbusarow/.gradle-profiler-user-home, --rerun-tasks, --continue, --no-daemon, -I, /private/var/folders/nz/qq91q4w53ngds96m8cq1sdsr0000gn/T/gradleProfiler10415709776442104655.gradle]. 
Unknown command-line option '--no-daemon'.
Either it is not a valid build option or it is not supported in the target Gradle version.
Not all of the Gradle command line options are supported build arguments.
Examples of supported build arguments: '--info', '-p'.
Examples of unsupported build options: '--daemon', '-?', '-v'.
Please find more information in the javadoc for the BuildLauncher class.
	at org.gradle.tooling.internal.consumer.ExceptionTransformer.transform(ExceptionTransformer.java:40)
	at org.gradle.tooling.internal.consumer.ExceptionTransformer.transform(ExceptionTransformer.java:29)
	at org.gradle.tooling.internal.consumer.ResultHandlerAdapter.onFailure(ResultHandlerAdapter.java:43)
	at org.gradle.tooling.internal.consumer.async.DefaultAsyncConsumerActionExecutor.lambda$run$0(DefaultAsyncConsumerActionExecutor.java:64)
	at org.gradle.internal.concurrent.ExecutorPolicy$CatchAndRecordFailures.onExecute(ExecutorPolicy.java:64)
	at org.gradle.internal.concurrent.ManagedExecutorImpl$1.run(ManagedExecutorImpl.java:48)
	at java.base/java.util.concurrent.ThreadPoolExecutor.runWorker(ThreadPoolExecutor.java:1128)
	at java.base/java.util.concurrent.ThreadPoolExecutor$Worker.run(ThreadPoolExecutor.java:628)
	at org.gradle.internal.concurrent.ThreadFactoryImpl$ManagedThreadRunnable.run(ThreadFactoryImpl.java:56)
	at java.base/java.lang.Thread.run(Thread.java:834)
	at org.gradle.tooling.internal.consumer.BlockingResultHandler.getResult(BlockingResultHandler.java:46)
	at org.gradle.tooling.internal.consumer.DefaultBuildLauncher.run(DefaultBuildLauncher.java:83)
	at org.gradle.profiler.ToolingApiGradleClient.lambda$runTasks$0(ToolingApiGradleClient.java:51)
	at org.gradle.profiler.ToolingApiGradleClient.run(ToolingApiGradleClient.java:29)
	at org.gradle.profiler.ToolingApiGradleClient.runOperation(ToolingApiGradleClient.java:42)
	at org.gradle.profiler.ToolingApiGradleClient.runTasks(ToolingApiGradleClient.java:47)
	at org.gradle.profiler.RunTasksAction.run(RunTasksAction.java:36)
	at org.gradle.profiler.GradleInvokerBuildAction.run(GradleInvokerBuildAction.java:10)
	at org.gradle.profiler.BuildUnderTestInvoker$InvokeAndMeasureAction.run(BuildUnderTestInvoker.java:59)
	at org.gradle.profiler.BuildUnderTestInvoker$InvokeAndMeasureAction.run(BuildUnderTestInvoker.java:40)
	at org.gradle.profiler.RunCleanupStepAction.run(RunCleanupStepAction.java:28)
	at org.gradle.profiler.GradleScenarioInvoker.doRun(GradleScenarioInvoker.java:112)
	at org.gradle.profiler.GradleScenarioInvoker.doRun(GradleScenarioInvoker.java:21)
	at org.gradle.profiler.ScenarioInvoker.run(ScenarioInvoker.java:17)
	at org.gradle.profiler.Main.invoke(Main.java:110)
	at org.gradle.profiler.Main.run(Main.java:76)
	at org.gradle.profiler.Main.main(Main.java:18)
Caused by: org.gradle.tooling.internal.protocol.exceptions.InternalUnsupportedBuildArgumentException: Problem with provided build arguments: [--gradle-user-home, /Users/rbusarow/.gradle-profiler-user-home, --rerun-tasks, --continue, --no-daemon, -I, /private/var/folders/nz/qq91q4w53ngds96m8cq1sdsr0000gn/T/gradleProfiler10415709776442104655.gradle]. 
Unknown command-line option '--no-daemon'.
Either it is not a valid build option or it is not supported in the target Gradle version.
Not all of the Gradle command line options are supported build arguments.
Examples of supported build arguments: '--info', '-p'.
Examples of unsupported build options: '--daemon', '-?', '-v'.
Please find more information in the javadoc for the BuildLauncher class.
	at org.gradle.tooling.internal.provider.ProviderStartParameterConverter.toStartParameter(ProviderStartParameterConverter.java:82)
	at org.gradle.tooling.internal.provider.ProviderConnection.run(ProviderConnection.java:141)
	at org.gradle.tooling.internal.provider.DefaultConnection.getModel(DefaultConnection.java:202)
	at org.gradle.tooling.internal.consumer.connection.CancellableModelBuilderBackedModelProducer.produceModel(CancellableModelBuilderBackedModelProducer.java:54)
	at org.gradle.tooling.internal.consumer.connection.PluginClasspathInjectionSupportedCheckModelProducer.produceModel(PluginClasspathInjectionSupportedCheckModelProducer.java:38)
	at org.gradle.tooling.internal.consumer.connection.AbstractConsumerConnection.run(AbstractConsumerConnection.java:64)
	at org.gradle.tooling.internal.consumer.connection.ParameterValidatingConsumerConnection.run(ParameterValidatingConsumerConnection.java:49)
	at org.gradle.tooling.internal.consumer.DefaultBuildLauncher$1.run(DefaultBuildLauncher.java:97)
	at org.gradle.tooling.internal.consumer.DefaultBuildLauncher$1.run(DefaultBuildLauncher.java:89)
	at org.gradle.tooling.internal.consumer.connection.LazyConsumerActionExecutor.run(LazyConsumerActionExecutor.java:130)
	at org.gradle.tooling.internal.consumer.connection.CancellableConsumerActionExecutor.run(CancellableConsumerActionExecutor.java:45)
	at org.gradle.tooling.internal.consumer.connection.ProgressLoggingConsumerActionExecutor.run(ProgressLoggingConsumerActionExecutor.java:61)
	at org.gradle.tooling.internal.consumer.connection.RethrowingErrorsConsumerActionExecutor.run(RethrowingErrorsConsumerActionExecutor.java:38)
	at org.gradle.tooling.internal.consumer.async.DefaultAsyncConsumerActionExecutor.lambda$run$0(DefaultAsyncConsumerActionExecutor.java:62)
	at org.gradle.internal.concurrent.ExecutorPolicy$CatchAndRecordFailures.onExecute(ExecutorPolicy.java:64)
	at org.gradle.internal.concurrent.ManagedExecutorImpl$1.run(ManagedExecutorImpl.java:48)
	at java.base/java.util.concurrent.ThreadPoolExecutor.runWorker(ThreadPoolExecutor.java:1128)
	at java.base/java.util.concurrent.ThreadPoolExecutor$Worker.run(ThreadPoolExecutor.java:628)
	at org.gradle.internal.concurrent.ThreadFactoryImpl$ManagedThreadRunnable.run(ThreadFactoryImpl.java:56)
	at java.base/java.lang.Thread.run(Thread.java:834)
Caused by: org.gradle.cli.CommandLineArgumentException: Unknown command-line option '--no-daemon'.
	at org.gradle.cli.CommandLineParser$BeforeFirstSubCommand.onStartOption(CommandLineParser.java:319)
	at org.gradle.cli.CommandLineParser.parse(CommandLineParser.java:88)
	at org.gradle.tooling.internal.provider.ProviderStartParameterConverter.toStartParameter(ProviderStartParameterConverter.java:78)
	... 19 more

* Results written to /Users/rbusarow/projects/AndroidStudio/ModuleCheck/gradle/profiler/reports/profile_01-04-2021_20:50
  /Users/rbusarow/projects/AndroidStudio/ModuleCheck/gradle/profiler/reports/profile_01-04-2021_20:50/benchmark.csv
  /Users/rbusarow/projects/AndroidStudio/ModuleCheck/gradle/profiler/reports/profile_01-04-2021_20:50/benchmark.html

