
* Started at 2021-01-24T22:29:54.181018Z

* Settings
Project dir: .
Output dir: ./gradle/profiler/reports/clean_build_debug/profile_01-24-2021_16:29
Profiler: none
Benchmark: true
Versions: []
Gradle User Home: ./gradle/profiler/gradle-user-home
Targets: [clean_build_debug]
Builds: 3

* Inspecting the build using its default Gradle version
Downloading https://services.gradle.org/distributions/gradle-6.8-bin.zip
......................................................................................................
> Task :buildSrc:extractPrecompiledScriptPluginPlugins
> Task :buildSrc:generateExternalPluginSpecBuilders
> Task :buildSrc:compilePluginsBlocks
> Task :buildSrc:generatePrecompiledScriptPluginAccessors
> Task :buildSrc:configurePrecompiledScriptDependenciesResolver
> Task :buildSrc:generateScriptPluginAdapters
> Task :buildSrc:compileKotlin
> Task :buildSrc:compileJava NO-SOURCE
> Task :buildSrc:compileGroovy NO-SOURCE
> Task :buildSrc:pluginDescriptors
> Task :buildSrc:processResources
> Task :buildSrc:classes
> Task :buildSrc:inspectClassesForKotlinIC
> Task :buildSrc:jar
> Task :buildSrc:assemble
> Task :buildSrc:compileTestKotlin NO-SOURCE
> Task :buildSrc:pluginUnderTestMetadata
> Task :buildSrc:compileTestJava NO-SOURCE
> Task :buildSrc:compileTestGroovy NO-SOURCE
> Task :buildSrc:processTestResources NO-SOURCE
> Task :buildSrc:testClasses UP-TO-DATE
> Task :buildSrc:test NO-SOURCE
> Task :buildSrc:validatePlugins
> Task :buildSrc:check
> Task :buildSrc:build

> Configure project :plugin
WARNING: Unsupported Kotlin plugin version.
The `embedded-kotlin` and `kotlin-dsl` plugins rely on features of Kotlin `1.4.20` that might work differently than in the requested version `1.4.21`.

> Task :help

Welcome to Gradle 6.8.

To run a build, run gradle <task> ...

To see a list of available tasks, run gradle tasks

To see a list of command-line options, run gradle --help

To see more detail about a task, run gradle help --task <task>

For troubleshooting, visit https://help.gradle.org

BUILD SUCCESSFUL in 1m 38s
1 actionable task: 1 executed

Publishing build scan...
https://gradle.com/s/f63pqdklqeglg


* Stopping daemons
Running command /Users/rbusarow/actions-runner/_work/ModuleCheck/ModuleCheck/gradle/profiler/gradle-user-home/wrapper/dists/gradle-6.8-bin/1jblhjyydfkclfzx1agp92nyl/gradle-6.8/bin/gradle --stop --gradle-user-home /Users/rbusarow/actions-runner/_work/ModuleCheck/ModuleCheck/./gradle/profiler/gradle-user-home

Welcome to Gradle 6.8!

Here are the highlights of this release:
 - Faster Kotlin DSL script compilation
 - Vendor selection for Java toolchains
 - Convenient execution of tasks in composite builds
 - Consistent dependency resolution

For more details see https://docs.gradle.org/6.8/release-notes.html

Stopping Daemon(s)
1 Daemon stopped

* Scenarios
Scenario: Clean Build using Gradle 6.8
  Gradle 6.8 (/Users/rbusarow/actions-runner/_work/ModuleCheck/ModuleCheck/gradle/profiler/gradle-user-home/wrapper/dists/gradle-6.8-bin/1jblhjyydfkclfzx1agp92nyl/gradle-6.8)
  Run using: Tooling API
  Run: run tasks assemble
  Cleanup: run tasks clean
  Gradle args: []
  Build changes: []
  Warm-ups: 6
  Builds: 3

* Running scenario Clean Build using Gradle 6.8 (scenario 1/1)

* Stopping daemons
Running command /Users/rbusarow/actions-runner/_work/ModuleCheck/ModuleCheck/gradle/profiler/gradle-user-home/wrapper/dists/gradle-6.8-bin/1jblhjyydfkclfzx1agp92nyl/gradle-6.8/bin/gradle --stop --gradle-user-home /Users/rbusarow/actions-runner/_work/ModuleCheck/ModuleCheck/./gradle/profiler/gradle-user-home
No Gradle daemons are running.

* Build details
Gradle version: Gradle 6.8
Java home: /Users/rbusarow/actions-runner/_work/_tool/jdk/11.0.7/x64
OS: mac os x x86_64 10.16
JVM args:
  -XX:+UseParallelGC
  --add-opens
  java.base/java.util=ALL-UNNAMED
  --add-opens
  java.base/java.lang=ALL-UNNAMED
  --add-opens
  java.base/java.lang.invoke=ALL-UNNAMED
  --add-opens
  java.prefs/java.util.prefs=ALL-UNNAMED
  -Xmx2048m
  -Dfile.encoding=UTF-8
  -Duser.country=US
  -Duser.language=en
  -Duser.variant
  -Dfile.encoding=UTF-8
  -Dorg.gradle.profiler.scenario=clean_build_debug
Gradle args:
  --gradle-user-home
  /Users/rbusarow/actions-runner/_work/ModuleCheck/ModuleCheck/./gradle/profiler/gradle-user-home
  -I
  /private/var/folders/nz/qq91q4w53ngds96m8cq1sdsr0000gn/T/gradleProfiler17425687472476347366.gradle

* Running cleanup for warm-up build #1
> Task :buildSrc:extractPrecompiledScriptPluginPlugins UP-TO-DATE
> Task :buildSrc:generateExternalPluginSpecBuilders UP-TO-DATE
> Task :buildSrc:compilePluginsBlocks UP-TO-DATE
> Task :buildSrc:generatePrecompiledScriptPluginAccessors UP-TO-DATE
> Task :buildSrc:configurePrecompiledScriptDependenciesResolver
> Task :buildSrc:generateScriptPluginAdapters UP-TO-DATE
> Task :buildSrc:compileKotlin UP-TO-DATE
> Task :buildSrc:compileJava NO-SOURCE
> Task :buildSrc:compileGroovy NO-SOURCE
> Task :buildSrc:pluginDescriptors UP-TO-DATE
> Task :buildSrc:processResources UP-TO-DATE
> Task :buildSrc:classes UP-TO-DATE
> Task :buildSrc:inspectClassesForKotlinIC UP-TO-DATE
> Task :buildSrc:jar UP-TO-DATE
> Task :buildSrc:assemble UP-TO-DATE
> Task :buildSrc:compileTestKotlin NO-SOURCE
> Task :buildSrc:pluginUnderTestMetadata UP-TO-DATE
> Task :buildSrc:compileTestJava NO-SOURCE
> Task :buildSrc:compileTestGroovy NO-SOURCE
> Task :buildSrc:processTestResources NO-SOURCE
> Task :buildSrc:testClasses UP-TO-DATE
> Task :buildSrc:test NO-SOURCE
> Task :buildSrc:validatePlugins UP-TO-DATE
> Task :buildSrc:check UP-TO-DATE
> Task :buildSrc:build UP-TO-DATE

> Configure project :plugin
WARNING: Unsupported Kotlin plugin version.
The `embedded-kotlin` and `kotlin-dsl` plugins rely on features of Kotlin `1.4.20` that might work differently than in the requested version `1.4.21`.

> Task :plugin:clean UP-TO-DATE
> Task :specs:clean UP-TO-DATE
> Task :clean UP-TO-DATE

BUILD SUCCESSFUL in 5s
3 actionable tasks: 3 up-to-date

Publishing build scan...
https://gradle.com/s/uyhnulgoyvely

Used daemon with pid 52728

* Running warm-up build #1
> Task :buildSrc:extractPrecompiledScriptPluginPlugins UP-TO-DATE
> Task :buildSrc:generateExternalPluginSpecBuilders UP-TO-DATE
> Task :buildSrc:compilePluginsBlocks UP-TO-DATE
> Task :buildSrc:generatePrecompiledScriptPluginAccessors UP-TO-DATE
> Task :buildSrc:configurePrecompiledScriptDependenciesResolver
> Task :buildSrc:generateScriptPluginAdapters UP-TO-DATE
> Task :buildSrc:compileKotlin UP-TO-DATE
> Task :buildSrc:compileJava NO-SOURCE
> Task :buildSrc:compileGroovy NO-SOURCE
> Task :buildSrc:pluginDescriptors UP-TO-DATE
> Task :buildSrc:processResources UP-TO-DATE
> Task :buildSrc:classes UP-TO-DATE
> Task :buildSrc:inspectClassesForKotlinIC UP-TO-DATE
> Task :buildSrc:jar UP-TO-DATE
> Task :buildSrc:assemble UP-TO-DATE
> Task :buildSrc:compileTestKotlin NO-SOURCE
> Task :buildSrc:pluginUnderTestMetadata UP-TO-DATE
> Task :buildSrc:compileTestJava NO-SOURCE
> Task :buildSrc:compileTestGroovy NO-SOURCE
> Task :buildSrc:processTestResources NO-SOURCE
> Task :buildSrc:testClasses UP-TO-DATE
> Task :buildSrc:test NO-SOURCE
> Task :buildSrc:validatePlugins UP-TO-DATE
> Task :buildSrc:check UP-TO-DATE
> Task :buildSrc:build UP-TO-DATE

> Configure project :plugin
WARNING: Unsupported Kotlin plugin version.
The `embedded-kotlin` and `kotlin-dsl` plugins rely on features of Kotlin `1.4.20` that might work differently than in the requested version `1.4.21`.

> Task :compileKotlin NO-SOURCE
> Task :compileJava NO-SOURCE
> Task :processResources NO-SOURCE
> Task :classes UP-TO-DATE
> Task :inspectClassesForKotlinIC
> Task :jar
> Task :assemble
> Task :specs:compileKotlin
> Task :specs:compileJava NO-SOURCE
> Task :specs:processResources NO-SOURCE
> Task :specs:classes UP-TO-DATE
> Task :specs:inspectClassesForKotlinIC
> Task :specs:jar
> Task :specs:assemble

> Task :plugin:compileKotlin
w: /Users/rbusarow/actions-runner/_work/ModuleCheck/ModuleCheck/plugin/src/main/kotlin/com/rickbusarow/modulecheck/rule/android/DisableAndroidResourcesRule.kt: (67, 9): Variable 'ktFile' is never used
w: /Users/rbusarow/actions-runner/_work/ModuleCheck/ModuleCheck/plugin/src/main/kotlin/com/rickbusarow/modulecheck/rule/android/DisableViewBindingRule.kt: (65, 9): Variable 'ktFile' is never used

> Task :plugin:compileJava NO-SOURCE
> Task :plugin:pluginDescriptors
> Task :plugin:processResources
> Task :plugin:classes
> Task :plugin:inspectClassesForKotlinIC
> Task :plugin:jar
> Task :plugin:publishPluginJar
> Task :plugin:javadoc NO-SOURCE
> Task :plugin:publishPluginJavaDocsJar
> Task :plugin:assemble

BUILD SUCCESSFUL in 14s
12 actionable tasks: 12 executed

Publishing build scan...
https://gradle.com/s/fjpipx3co3cve

Used daemon with pid 52728
Execution time 14603 ms

* Running cleanup for warm-up build #2
> Task :buildSrc:extractPrecompiledScriptPluginPlugins UP-TO-DATE
> Task :buildSrc:generateExternalPluginSpecBuilders UP-TO-DATE
> Task :buildSrc:compilePluginsBlocks UP-TO-DATE
> Task :buildSrc:generatePrecompiledScriptPluginAccessors UP-TO-DATE
> Task :buildSrc:configurePrecompiledScriptDependenciesResolver
> Task :buildSrc:generateScriptPluginAdapters UP-TO-DATE
> Task :buildSrc:compileKotlin UP-TO-DATE
> Task :buildSrc:compileJava NO-SOURCE
> Task :buildSrc:compileGroovy NO-SOURCE
> Task :buildSrc:pluginDescriptors UP-TO-DATE
> Task :buildSrc:processResources UP-TO-DATE
> Task :buildSrc:classes UP-TO-DATE
> Task :buildSrc:inspectClassesForKotlinIC UP-TO-DATE
> Task :buildSrc:jar UP-TO-DATE
> Task :buildSrc:assemble UP-TO-DATE
> Task :buildSrc:compileTestKotlin NO-SOURCE
> Task :buildSrc:pluginUnderTestMetadata UP-TO-DATE
> Task :buildSrc:compileTestJava NO-SOURCE
> Task :buildSrc:compileTestGroovy NO-SOURCE
> Task :buildSrc:processTestResources NO-SOURCE
> Task :buildSrc:testClasses UP-TO-DATE
> Task :buildSrc:test NO-SOURCE
> Task :buildSrc:validatePlugins UP-TO-DATE
> Task :buildSrc:check UP-TO-DATE
> Task :buildSrc:build UP-TO-DATE

> Configure project :plugin
WARNING: Unsupported Kotlin plugin version.
The `embedded-kotlin` and `kotlin-dsl` plugins rely on features of Kotlin `1.4.20` that might work differently than in the requested version `1.4.21`.

> Task :clean
> Task :specs:clean
> Task :plugin:clean

BUILD SUCCESSFUL in 373ms
3 actionable tasks: 3 executed

Publishing build scan...
https://gradle.com/s/vx64mmzczphjg

Used daemon with pid 52728

* Running warm-up build #2
> Task :buildSrc:extractPrecompiledScriptPluginPlugins UP-TO-DATE
> Task :buildSrc:generateExternalPluginSpecBuilders UP-TO-DATE
> Task :buildSrc:compilePluginsBlocks UP-TO-DATE
> Task :buildSrc:generatePrecompiledScriptPluginAccessors UP-TO-DATE
> Task :buildSrc:configurePrecompiledScriptDependenciesResolver
> Task :buildSrc:generateScriptPluginAdapters UP-TO-DATE
> Task :buildSrc:compileKotlin UP-TO-DATE
> Task :buildSrc:compileJava NO-SOURCE
> Task :buildSrc:compileGroovy NO-SOURCE
> Task :buildSrc:pluginDescriptors UP-TO-DATE
> Task :buildSrc:processResources UP-TO-DATE
> Task :buildSrc:classes UP-TO-DATE
> Task :buildSrc:inspectClassesForKotlinIC UP-TO-DATE
> Task :buildSrc:jar UP-TO-DATE
> Task :buildSrc:assemble UP-TO-DATE
> Task :buildSrc:compileTestKotlin NO-SOURCE
> Task :buildSrc:pluginUnderTestMetadata UP-TO-DATE
> Task :buildSrc:compileTestJava NO-SOURCE
> Task :buildSrc:compileTestGroovy NO-SOURCE
> Task :buildSrc:processTestResources NO-SOURCE
> Task :buildSrc:testClasses UP-TO-DATE
> Task :buildSrc:test NO-SOURCE
> Task :buildSrc:validatePlugins UP-TO-DATE
> Task :buildSrc:check UP-TO-DATE
> Task :buildSrc:build UP-TO-DATE

> Configure project :plugin
WARNING: Unsupported Kotlin plugin version.
The `embedded-kotlin` and `kotlin-dsl` plugins rely on features of Kotlin `1.4.20` that might work differently than in the requested version `1.4.21`.

> Task :compileKotlin NO-SOURCE
> Task :compileJava NO-SOURCE
> Task :processResources NO-SOURCE
> Task :classes UP-TO-DATE
> Task :inspectClassesForKotlinIC
> Task :jar
> Task :assemble
> Task :specs:compileKotlin FROM-CACHE
> Task :specs:compileJava NO-SOURCE
> Task :specs:processResources NO-SOURCE
> Task :specs:classes UP-TO-DATE
> Task :specs:inspectClassesForKotlinIC
> Task :specs:jar
> Task :specs:assemble
> Task :plugin:compileKotlin FROM-CACHE
> Task :plugin:compileJava NO-SOURCE
> Task :plugin:pluginDescriptors
> Task :plugin:processResources
> Task :plugin:classes
> Task :plugin:inspectClassesForKotlinIC
> Task :plugin:jar
> Task :plugin:publishPluginJar
> Task :plugin:javadoc NO-SOURCE
> Task :plugin:publishPluginJavaDocsJar
> Task :plugin:assemble

BUILD SUCCESSFUL in 479ms
12 actionable tasks: 10 executed, 2 from cache

Publishing build scan...
https://gradle.com/s/wd7pucdmdxwic

Used daemon with pid 52728
Execution time 794 ms

* Running cleanup for warm-up build #3
> Task :buildSrc:extractPrecompiledScriptPluginPlugins UP-TO-DATE
> Task :buildSrc:generateExternalPluginSpecBuilders UP-TO-DATE
> Task :buildSrc:compilePluginsBlocks UP-TO-DATE
> Task :buildSrc:generatePrecompiledScriptPluginAccessors UP-TO-DATE
> Task :buildSrc:configurePrecompiledScriptDependenciesResolver
> Task :buildSrc:generateScriptPluginAdapters UP-TO-DATE
> Task :buildSrc:compileKotlin UP-TO-DATE
> Task :buildSrc:compileJava NO-SOURCE
> Task :buildSrc:compileGroovy NO-SOURCE
> Task :buildSrc:pluginDescriptors UP-TO-DATE
> Task :buildSrc:processResources UP-TO-DATE
> Task :buildSrc:classes UP-TO-DATE
> Task :buildSrc:inspectClassesForKotlinIC UP-TO-DATE
> Task :buildSrc:jar UP-TO-DATE
> Task :buildSrc:assemble UP-TO-DATE
> Task :buildSrc:compileTestKotlin NO-SOURCE
> Task :buildSrc:pluginUnderTestMetadata UP-TO-DATE
> Task :buildSrc:compileTestJava NO-SOURCE
> Task :buildSrc:compileTestGroovy NO-SOURCE
> Task :buildSrc:processTestResources NO-SOURCE
> Task :buildSrc:testClasses UP-TO-DATE
> Task :buildSrc:test NO-SOURCE
> Task :buildSrc:validatePlugins UP-TO-DATE
> Task :buildSrc:check UP-TO-DATE
> Task :buildSrc:build UP-TO-DATE

> Configure project :plugin
WARNING: Unsupported Kotlin plugin version.
The `embedded-kotlin` and `kotlin-dsl` plugins rely on features of Kotlin `1.4.20` that might work differently than in the requested version `1.4.21`.

> Task :clean
> Task :specs:clean
> Task :plugin:clean

BUILD SUCCESSFUL in 301ms
3 actionable tasks: 3 executed

Publishing build scan...
https://gradle.com/s/j3wj3e7rbjcvw

Used daemon with pid 52728

* Running warm-up build #3
> Task :buildSrc:extractPrecompiledScriptPluginPlugins UP-TO-DATE
> Task :buildSrc:generateExternalPluginSpecBuilders UP-TO-DATE
> Task :buildSrc:compilePluginsBlocks UP-TO-DATE
> Task :buildSrc:generatePrecompiledScriptPluginAccessors UP-TO-DATE
> Task :buildSrc:configurePrecompiledScriptDependenciesResolver
> Task :buildSrc:generateScriptPluginAdapters UP-TO-DATE
> Task :buildSrc:compileKotlin UP-TO-DATE
> Task :buildSrc:compileJava NO-SOURCE
> Task :buildSrc:compileGroovy NO-SOURCE
> Task :buildSrc:pluginDescriptors UP-TO-DATE
> Task :buildSrc:processResources UP-TO-DATE
> Task :buildSrc:classes UP-TO-DATE
> Task :buildSrc:inspectClassesForKotlinIC UP-TO-DATE
> Task :buildSrc:jar UP-TO-DATE
> Task :buildSrc:assemble UP-TO-DATE
> Task :buildSrc:compileTestKotlin NO-SOURCE
> Task :buildSrc:pluginUnderTestMetadata UP-TO-DATE
> Task :buildSrc:compileTestJava NO-SOURCE
> Task :buildSrc:compileTestGroovy NO-SOURCE
> Task :buildSrc:processTestResources NO-SOURCE
> Task :buildSrc:testClasses UP-TO-DATE
> Task :buildSrc:test NO-SOURCE
> Task :buildSrc:validatePlugins UP-TO-DATE
> Task :buildSrc:check UP-TO-DATE
> Task :buildSrc:build UP-TO-DATE

> Configure project :plugin
WARNING: Unsupported Kotlin plugin version.
The `embedded-kotlin` and `kotlin-dsl` plugins rely on features of Kotlin `1.4.20` that might work differently than in the requested version `1.4.21`.

> Task :compileKotlin NO-SOURCE
> Task :compileJava NO-SOURCE
> Task :processResources NO-SOURCE
> Task :classes UP-TO-DATE
> Task :inspectClassesForKotlinIC
> Task :jar
> Task :assemble
> Task :specs:compileKotlin FROM-CACHE
> Task :specs:compileJava NO-SOURCE
> Task :specs:processResources NO-SOURCE
> Task :specs:classes UP-TO-DATE
> Task :specs:inspectClassesForKotlinIC
> Task :specs:jar
> Task :specs:assemble
> Task :plugin:compileKotlin FROM-CACHE
> Task :plugin:compileJava NO-SOURCE
> Task :plugin:pluginDescriptors
> Task :plugin:processResources
> Task :plugin:classes
> Task :plugin:inspectClassesForKotlinIC
> Task :plugin:jar
> Task :plugin:publishPluginJar
> Task :plugin:javadoc NO-SOURCE
> Task :plugin:publishPluginJavaDocsJar
> Task :plugin:assemble

BUILD SUCCESSFUL in 486ms
12 actionable tasks: 10 executed, 2 from cache

Publishing build scan...
https://gradle.com/s/y4n6gxxa4rdne

Used daemon with pid 52728
Execution time 1081 ms

* Running cleanup for warm-up build #4
> Task :buildSrc:extractPrecompiledScriptPluginPlugins UP-TO-DATE
> Task :buildSrc:generateExternalPluginSpecBuilders UP-TO-DATE
> Task :buildSrc:compilePluginsBlocks UP-TO-DATE
> Task :buildSrc:generatePrecompiledScriptPluginAccessors UP-TO-DATE
> Task :buildSrc:configurePrecompiledScriptDependenciesResolver
> Task :buildSrc:generateScriptPluginAdapters UP-TO-DATE
> Task :buildSrc:compileKotlin UP-TO-DATE
> Task :buildSrc:compileJava NO-SOURCE
> Task :buildSrc:compileGroovy NO-SOURCE
> Task :buildSrc:pluginDescriptors UP-TO-DATE
> Task :buildSrc:processResources UP-TO-DATE
> Task :buildSrc:classes UP-TO-DATE
> Task :buildSrc:inspectClassesForKotlinIC UP-TO-DATE
> Task :buildSrc:jar UP-TO-DATE
> Task :buildSrc:assemble UP-TO-DATE
> Task :buildSrc:compileTestKotlin NO-SOURCE
> Task :buildSrc:pluginUnderTestMetadata UP-TO-DATE
> Task :buildSrc:compileTestJava NO-SOURCE
> Task :buildSrc:compileTestGroovy NO-SOURCE
> Task :buildSrc:processTestResources NO-SOURCE
> Task :buildSrc:testClasses UP-TO-DATE
> Task :buildSrc:test NO-SOURCE
> Task :buildSrc:validatePlugins UP-TO-DATE
> Task :buildSrc:check UP-TO-DATE
> Task :buildSrc:build UP-TO-DATE

> Configure project :plugin
WARNING: Unsupported Kotlin plugin version.
The `embedded-kotlin` and `kotlin-dsl` plugins rely on features of Kotlin `1.4.20` that might work differently than in the requested version `1.4.21`.

> Task :clean
> Task :specs:clean
> Task :plugin:clean

BUILD SUCCESSFUL in 251ms
3 actionable tasks: 3 executed

Publishing build scan...
https://gradle.com/s/cyucyt57xouie

Used daemon with pid 52728

* Running warm-up build #4
> Task :buildSrc:extractPrecompiledScriptPluginPlugins UP-TO-DATE
> Task :buildSrc:generateExternalPluginSpecBuilders UP-TO-DATE
> Task :buildSrc:compilePluginsBlocks UP-TO-DATE
> Task :buildSrc:generatePrecompiledScriptPluginAccessors UP-TO-DATE
> Task :buildSrc:configurePrecompiledScriptDependenciesResolver
> Task :buildSrc:generateScriptPluginAdapters UP-TO-DATE
> Task :buildSrc:compileKotlin UP-TO-DATE
> Task :buildSrc:compileJava NO-SOURCE
> Task :buildSrc:compileGroovy NO-SOURCE
> Task :buildSrc:pluginDescriptors UP-TO-DATE
> Task :buildSrc:processResources UP-TO-DATE
> Task :buildSrc:classes UP-TO-DATE
> Task :buildSrc:inspectClassesForKotlinIC UP-TO-DATE
> Task :buildSrc:jar UP-TO-DATE
> Task :buildSrc:assemble UP-TO-DATE
> Task :buildSrc:compileTestKotlin NO-SOURCE
> Task :buildSrc:pluginUnderTestMetadata UP-TO-DATE
> Task :buildSrc:compileTestJava NO-SOURCE
> Task :buildSrc:compileTestGroovy NO-SOURCE
> Task :buildSrc:processTestResources NO-SOURCE
> Task :buildSrc:testClasses UP-TO-DATE
> Task :buildSrc:test NO-SOURCE
> Task :buildSrc:validatePlugins UP-TO-DATE
> Task :buildSrc:check UP-TO-DATE
> Task :buildSrc:build UP-TO-DATE

> Configure project :plugin
WARNING: Unsupported Kotlin plugin version.
The `embedded-kotlin` and `kotlin-dsl` plugins rely on features of Kotlin `1.4.20` that might work differently than in the requested version `1.4.21`.

> Task :compileKotlin NO-SOURCE
> Task :compileJava NO-SOURCE
> Task :processResources NO-SOURCE
> Task :classes UP-TO-DATE
> Task :inspectClassesForKotlinIC
> Task :jar
> Task :assemble
> Task :specs:compileKotlin FROM-CACHE
> Task :specs:compileJava NO-SOURCE
> Task :specs:processResources NO-SOURCE
> Task :specs:classes UP-TO-DATE
> Task :specs:inspectClassesForKotlinIC
> Task :specs:jar
> Task :specs:assemble
> Task :plugin:compileKotlin FROM-CACHE
> Task :plugin:compileJava NO-SOURCE
> Task :plugin:pluginDescriptors
> Task :plugin:processResources
> Task :plugin:classes
> Task :plugin:inspectClassesForKotlinIC
> Task :plugin:jar
> Task :plugin:publishPluginJar
> Task :plugin:javadoc NO-SOURCE
> Task :plugin:publishPluginJavaDocsJar
> Task :plugin:assemble

BUILD SUCCESSFUL in 466ms
12 actionable tasks: 10 executed, 2 from cache

Publishing build scan...
https://gradle.com/s/5kncf6rjxejaa

Used daemon with pid 52728
Execution time 1029 ms

* Running cleanup for warm-up build #5
> Task :buildSrc:extractPrecompiledScriptPluginPlugins UP-TO-DATE
> Task :buildSrc:generateExternalPluginSpecBuilders UP-TO-DATE
> Task :buildSrc:compilePluginsBlocks UP-TO-DATE
> Task :buildSrc:generatePrecompiledScriptPluginAccessors UP-TO-DATE
> Task :buildSrc:configurePrecompiledScriptDependenciesResolver
> Task :buildSrc:generateScriptPluginAdapters UP-TO-DATE
> Task :buildSrc:compileKotlin UP-TO-DATE
> Task :buildSrc:compileJava NO-SOURCE
> Task :buildSrc:compileGroovy NO-SOURCE
> Task :buildSrc:pluginDescriptors UP-TO-DATE
> Task :buildSrc:processResources UP-TO-DATE
> Task :buildSrc:classes UP-TO-DATE
> Task :buildSrc:inspectClassesForKotlinIC UP-TO-DATE
> Task :buildSrc:jar UP-TO-DATE
> Task :buildSrc:assemble UP-TO-DATE
> Task :buildSrc:compileTestKotlin NO-SOURCE
> Task :buildSrc:pluginUnderTestMetadata UP-TO-DATE
> Task :buildSrc:compileTestJava NO-SOURCE
> Task :buildSrc:compileTestGroovy NO-SOURCE
> Task :buildSrc:processTestResources NO-SOURCE
> Task :buildSrc:testClasses UP-TO-DATE
> Task :buildSrc:test NO-SOURCE
> Task :buildSrc:validatePlugins UP-TO-DATE
> Task :buildSrc:check UP-TO-DATE
> Task :buildSrc:build UP-TO-DATE

> Configure project :plugin
WARNING: Unsupported Kotlin plugin version.
The `embedded-kotlin` and `kotlin-dsl` plugins rely on features of Kotlin `1.4.20` that might work differently than in the requested version `1.4.21`.

> Task :clean
> Task :specs:clean
> Task :plugin:clean

BUILD SUCCESSFUL in 256ms
3 actionable tasks: 3 executed

Publishing build scan...
https://gradle.com/s/iiyrfhkwrma2y

Used daemon with pid 52728

* Running warm-up build #5
> Task :buildSrc:extractPrecompiledScriptPluginPlugins UP-TO-DATE
> Task :buildSrc:generateExternalPluginSpecBuilders UP-TO-DATE
> Task :buildSrc:compilePluginsBlocks UP-TO-DATE
> Task :buildSrc:generatePrecompiledScriptPluginAccessors UP-TO-DATE
> Task :buildSrc:configurePrecompiledScriptDependenciesResolver
> Task :buildSrc:generateScriptPluginAdapters UP-TO-DATE
> Task :buildSrc:compileKotlin UP-TO-DATE
> Task :buildSrc:compileJava NO-SOURCE
> Task :buildSrc:compileGroovy NO-SOURCE
> Task :buildSrc:pluginDescriptors UP-TO-DATE
> Task :buildSrc:processResources UP-TO-DATE
> Task :buildSrc:classes UP-TO-DATE
> Task :buildSrc:inspectClassesForKotlinIC UP-TO-DATE
> Task :buildSrc:jar UP-TO-DATE
> Task :buildSrc:assemble UP-TO-DATE
> Task :buildSrc:compileTestKotlin NO-SOURCE
> Task :buildSrc:pluginUnderTestMetadata UP-TO-DATE
> Task :buildSrc:compileTestJava NO-SOURCE
> Task :buildSrc:compileTestGroovy NO-SOURCE
> Task :buildSrc:processTestResources NO-SOURCE
> Task :buildSrc:testClasses UP-TO-DATE
> Task :buildSrc:test NO-SOURCE
> Task :buildSrc:validatePlugins UP-TO-DATE
> Task :buildSrc:check UP-TO-DATE
> Task :buildSrc:build UP-TO-DATE

> Configure project :plugin
WARNING: Unsupported Kotlin plugin version.
The `embedded-kotlin` and `kotlin-dsl` plugins rely on features of Kotlin `1.4.20` that might work differently than in the requested version `1.4.21`.

> Task :compileKotlin NO-SOURCE
> Task :compileJava NO-SOURCE
> Task :processResources NO-SOURCE
> Task :classes UP-TO-DATE
> Task :inspectClassesForKotlinIC
> Task :jar
> Task :assemble
> Task :specs:compileKotlin FROM-CACHE
> Task :specs:compileJava NO-SOURCE
> Task :specs:processResources NO-SOURCE
> Task :specs:classes UP-TO-DATE
> Task :specs:inspectClassesForKotlinIC
> Task :specs:jar
> Task :specs:assemble
> Task :plugin:compileKotlin FROM-CACHE
> Task :plugin:compileJava NO-SOURCE
> Task :plugin:pluginDescriptors
> Task :plugin:processResources
> Task :plugin:classes
> Task :plugin:inspectClassesForKotlinIC
> Task :plugin:jar
> Task :plugin:publishPluginJar
> Task :plugin:javadoc NO-SOURCE
> Task :plugin:publishPluginJavaDocsJar
> Task :plugin:assemble

BUILD SUCCESSFUL in 392ms
12 actionable tasks: 10 executed, 2 from cache

Publishing build scan...
https://gradle.com/s/rwynuz5v3cgui

Used daemon with pid 52728
Execution time 786 ms

* Running cleanup for warm-up build #6
> Task :buildSrc:extractPrecompiledScriptPluginPlugins UP-TO-DATE
> Task :buildSrc:generateExternalPluginSpecBuilders UP-TO-DATE
> Task :buildSrc:compilePluginsBlocks UP-TO-DATE
> Task :buildSrc:generatePrecompiledScriptPluginAccessors UP-TO-DATE
> Task :buildSrc:configurePrecompiledScriptDependenciesResolver
> Task :buildSrc:generateScriptPluginAdapters UP-TO-DATE
> Task :buildSrc:compileKotlin UP-TO-DATE
> Task :buildSrc:compileJava NO-SOURCE
> Task :buildSrc:compileGroovy NO-SOURCE
> Task :buildSrc:pluginDescriptors UP-TO-DATE
> Task :buildSrc:processResources UP-TO-DATE
> Task :buildSrc:classes UP-TO-DATE
> Task :buildSrc:inspectClassesForKotlinIC UP-TO-DATE
> Task :buildSrc:jar UP-TO-DATE
> Task :buildSrc:assemble UP-TO-DATE
> Task :buildSrc:compileTestKotlin NO-SOURCE
> Task :buildSrc:pluginUnderTestMetadata UP-TO-DATE
> Task :buildSrc:compileTestJava NO-SOURCE
> Task :buildSrc:compileTestGroovy NO-SOURCE
> Task :buildSrc:processTestResources NO-SOURCE
> Task :buildSrc:testClasses UP-TO-DATE
> Task :buildSrc:test NO-SOURCE
> Task :buildSrc:validatePlugins UP-TO-DATE
> Task :buildSrc:check UP-TO-DATE
> Task :buildSrc:build UP-TO-DATE

> Configure project :plugin
WARNING: Unsupported Kotlin plugin version.
The `embedded-kotlin` and `kotlin-dsl` plugins rely on features of Kotlin `1.4.20` that might work differently than in the requested version `1.4.21`.

> Task :clean
> Task :specs:clean
> Task :plugin:clean

BUILD SUCCESSFUL in 225ms
3 actionable tasks: 3 executed

Publishing build scan...
https://gradle.com/s/if5hptctc63g2

Used daemon with pid 52728

* Running warm-up build #6
> Task :buildSrc:extractPrecompiledScriptPluginPlugins UP-TO-DATE
> Task :buildSrc:generateExternalPluginSpecBuilders UP-TO-DATE
> Task :buildSrc:compilePluginsBlocks UP-TO-DATE
> Task :buildSrc:generatePrecompiledScriptPluginAccessors UP-TO-DATE
> Task :buildSrc:configurePrecompiledScriptDependenciesResolver
> Task :buildSrc:generateScriptPluginAdapters UP-TO-DATE
> Task :buildSrc:compileKotlin UP-TO-DATE
> Task :buildSrc:compileJava NO-SOURCE
> Task :buildSrc:compileGroovy NO-SOURCE
> Task :buildSrc:pluginDescriptors UP-TO-DATE
> Task :buildSrc:processResources UP-TO-DATE
> Task :buildSrc:classes UP-TO-DATE
> Task :buildSrc:inspectClassesForKotlinIC UP-TO-DATE
> Task :buildSrc:jar UP-TO-DATE
> Task :buildSrc:assemble UP-TO-DATE
> Task :buildSrc:compileTestKotlin NO-SOURCE
> Task :buildSrc:pluginUnderTestMetadata UP-TO-DATE
> Task :buildSrc:compileTestJava NO-SOURCE
> Task :buildSrc:compileTestGroovy NO-SOURCE
> Task :buildSrc:processTestResources NO-SOURCE
> Task :buildSrc:testClasses UP-TO-DATE
> Task :buildSrc:test NO-SOURCE
> Task :buildSrc:validatePlugins UP-TO-DATE
> Task :buildSrc:check UP-TO-DATE
> Task :buildSrc:build UP-TO-DATE

> Configure project :plugin
WARNING: Unsupported Kotlin plugin version.
The `embedded-kotlin` and `kotlin-dsl` plugins rely on features of Kotlin `1.4.20` that might work differently than in the requested version `1.4.21`.

> Task :compileKotlin NO-SOURCE
> Task :compileJava NO-SOURCE
> Task :processResources NO-SOURCE
> Task :classes UP-TO-DATE
> Task :inspectClassesForKotlinIC
> Task :jar
> Task :assemble
> Task :specs:compileKotlin FROM-CACHE
> Task :specs:compileJava NO-SOURCE
> Task :specs:processResources NO-SOURCE
> Task :specs:classes UP-TO-DATE
> Task :specs:inspectClassesForKotlinIC
> Task :specs:jar
> Task :specs:assemble
> Task :plugin:compileKotlin FROM-CACHE
> Task :plugin:compileJava NO-SOURCE
> Task :plugin:pluginDescriptors
> Task :plugin:processResources
> Task :plugin:classes
> Task :plugin:inspectClassesForKotlinIC
> Task :plugin:jar
> Task :plugin:publishPluginJar
> Task :plugin:javadoc NO-SOURCE
> Task :plugin:publishPluginJavaDocsJar
> Task :plugin:assemble

BUILD SUCCESSFUL in 356ms
12 actionable tasks: 10 executed, 2 from cache

Publishing build scan...
https://gradle.com/s/ayzljyyvn5rv2

Used daemon with pid 52728
Execution time 1072 ms

* Using args for instrumented builds:

* Running cleanup for measured build #1
> Task :buildSrc:extractPrecompiledScriptPluginPlugins UP-TO-DATE
> Task :buildSrc:generateExternalPluginSpecBuilders UP-TO-DATE
> Task :buildSrc:compilePluginsBlocks UP-TO-DATE
> Task :buildSrc:generatePrecompiledScriptPluginAccessors UP-TO-DATE
> Task :buildSrc:configurePrecompiledScriptDependenciesResolver
> Task :buildSrc:generateScriptPluginAdapters UP-TO-DATE
> Task :buildSrc:compileKotlin UP-TO-DATE
> Task :buildSrc:compileJava NO-SOURCE
> Task :buildSrc:compileGroovy NO-SOURCE
> Task :buildSrc:pluginDescriptors UP-TO-DATE
> Task :buildSrc:processResources UP-TO-DATE
> Task :buildSrc:classes UP-TO-DATE
> Task :buildSrc:inspectClassesForKotlinIC UP-TO-DATE
> Task :buildSrc:jar UP-TO-DATE
> Task :buildSrc:assemble UP-TO-DATE
> Task :buildSrc:compileTestKotlin NO-SOURCE
> Task :buildSrc:pluginUnderTestMetadata UP-TO-DATE
> Task :buildSrc:compileTestJava NO-SOURCE
> Task :buildSrc:compileTestGroovy NO-SOURCE
> Task :buildSrc:processTestResources NO-SOURCE
> Task :buildSrc:testClasses UP-TO-DATE
> Task :buildSrc:test NO-SOURCE
> Task :buildSrc:validatePlugins UP-TO-DATE
> Task :buildSrc:check UP-TO-DATE
> Task :buildSrc:build UP-TO-DATE

> Configure project :plugin
WARNING: Unsupported Kotlin plugin version.
The `embedded-kotlin` and `kotlin-dsl` plugins rely on features of Kotlin `1.4.20` that might work differently than in the requested version `1.4.21`.

> Task :clean
> Task :specs:clean
> Task :plugin:clean

BUILD SUCCESSFUL in 313ms
3 actionable tasks: 3 executed

Publishing build scan...
https://gradle.com/s/cafd2cpo3mfni

Used daemon with pid 52728

* Running measured build #1
> Task :buildSrc:extractPrecompiledScriptPluginPlugins UP-TO-DATE
> Task :buildSrc:generateExternalPluginSpecBuilders UP-TO-DATE
> Task :buildSrc:compilePluginsBlocks UP-TO-DATE
> Task :buildSrc:generatePrecompiledScriptPluginAccessors UP-TO-DATE
> Task :buildSrc:configurePrecompiledScriptDependenciesResolver
> Task :buildSrc:generateScriptPluginAdapters UP-TO-DATE
> Task :buildSrc:compileKotlin UP-TO-DATE
> Task :buildSrc:compileJava NO-SOURCE
> Task :buildSrc:compileGroovy NO-SOURCE
> Task :buildSrc:pluginDescriptors UP-TO-DATE
> Task :buildSrc:processResources UP-TO-DATE
> Task :buildSrc:classes UP-TO-DATE
> Task :buildSrc:inspectClassesForKotlinIC UP-TO-DATE
> Task :buildSrc:jar UP-TO-DATE
> Task :buildSrc:assemble UP-TO-DATE
> Task :buildSrc:compileTestKotlin NO-SOURCE
> Task :buildSrc:pluginUnderTestMetadata UP-TO-DATE
> Task :buildSrc:compileTestJava NO-SOURCE
> Task :buildSrc:compileTestGroovy NO-SOURCE
> Task :buildSrc:processTestResources NO-SOURCE
> Task :buildSrc:testClasses UP-TO-DATE
> Task :buildSrc:test NO-SOURCE
> Task :buildSrc:validatePlugins UP-TO-DATE
> Task :buildSrc:check UP-TO-DATE
> Task :buildSrc:build UP-TO-DATE

> Configure project :plugin
WARNING: Unsupported Kotlin plugin version.
The `embedded-kotlin` and `kotlin-dsl` plugins rely on features of Kotlin `1.4.20` that might work differently than in the requested version `1.4.21`.

> Task :compileKotlin NO-SOURCE
> Task :compileJava NO-SOURCE
> Task :processResources NO-SOURCE
> Task :classes UP-TO-DATE
> Task :inspectClassesForKotlinIC
> Task :jar
> Task :assemble
> Task :specs:compileKotlin FROM-CACHE
> Task :specs:compileJava NO-SOURCE
> Task :specs:processResources NO-SOURCE
> Task :specs:classes UP-TO-DATE
> Task :specs:inspectClassesForKotlinIC
> Task :specs:jar
> Task :specs:assemble
> Task :plugin:compileKotlin FROM-CACHE
> Task :plugin:compileJava NO-SOURCE
> Task :plugin:pluginDescriptors
> Task :plugin:processResources
> Task :plugin:classes
> Task :plugin:inspectClassesForKotlinIC
> Task :plugin:jar
> Task :plugin:publishPluginJar
> Task :plugin:javadoc NO-SOURCE
> Task :plugin:publishPluginJavaDocsJar
> Task :plugin:assemble

BUILD SUCCESSFUL in 339ms
12 actionable tasks: 10 executed, 2 from cache

Publishing build scan...
https://gradle.com/s/vpcei6r6tauzg

Used daemon with pid 52728
Execution time 632 ms

* Running cleanup for measured build #2
> Task :buildSrc:extractPrecompiledScriptPluginPlugins UP-TO-DATE
> Task :buildSrc:generateExternalPluginSpecBuilders UP-TO-DATE
> Task :buildSrc:compilePluginsBlocks UP-TO-DATE
> Task :buildSrc:generatePrecompiledScriptPluginAccessors UP-TO-DATE
> Task :buildSrc:configurePrecompiledScriptDependenciesResolver
> Task :buildSrc:generateScriptPluginAdapters UP-TO-DATE
> Task :buildSrc:compileKotlin UP-TO-DATE
> Task :buildSrc:compileJava NO-SOURCE
> Task :buildSrc:compileGroovy NO-SOURCE
> Task :buildSrc:pluginDescriptors UP-TO-DATE
> Task :buildSrc:processResources UP-TO-DATE
> Task :buildSrc:classes UP-TO-DATE
> Task :buildSrc:inspectClassesForKotlinIC UP-TO-DATE
> Task :buildSrc:jar UP-TO-DATE
> Task :buildSrc:assemble UP-TO-DATE
> Task :buildSrc:compileTestKotlin NO-SOURCE
> Task :buildSrc:pluginUnderTestMetadata UP-TO-DATE
> Task :buildSrc:compileTestJava NO-SOURCE
> Task :buildSrc:compileTestGroovy NO-SOURCE
> Task :buildSrc:processTestResources NO-SOURCE
> Task :buildSrc:testClasses UP-TO-DATE
> Task :buildSrc:test NO-SOURCE
> Task :buildSrc:validatePlugins UP-TO-DATE
> Task :buildSrc:check UP-TO-DATE
> Task :buildSrc:build UP-TO-DATE

> Configure project :plugin
WARNING: Unsupported Kotlin plugin version.
The `embedded-kotlin` and `kotlin-dsl` plugins rely on features of Kotlin `1.4.20` that might work differently than in the requested version `1.4.21`.

> Task :clean
> Task :specs:clean
> Task :plugin:clean

BUILD SUCCESSFUL in 228ms
3 actionable tasks: 3 executed

Publishing build scan...
https://gradle.com/s/qsezn33dlg3x2

Used daemon with pid 52728

* Running measured build #2
> Task :buildSrc:extractPrecompiledScriptPluginPlugins UP-TO-DATE
> Task :buildSrc:generateExternalPluginSpecBuilders UP-TO-DATE
> Task :buildSrc:compilePluginsBlocks UP-TO-DATE
> Task :buildSrc:generatePrecompiledScriptPluginAccessors UP-TO-DATE
> Task :buildSrc:configurePrecompiledScriptDependenciesResolver
> Task :buildSrc:generateScriptPluginAdapters UP-TO-DATE
> Task :buildSrc:compileKotlin UP-TO-DATE
> Task :buildSrc:compileJava NO-SOURCE
> Task :buildSrc:compileGroovy NO-SOURCE
> Task :buildSrc:pluginDescriptors UP-TO-DATE
> Task :buildSrc:processResources UP-TO-DATE
> Task :buildSrc:classes UP-TO-DATE
> Task :buildSrc:inspectClassesForKotlinIC UP-TO-DATE
> Task :buildSrc:jar UP-TO-DATE
> Task :buildSrc:assemble UP-TO-DATE
> Task :buildSrc:compileTestKotlin NO-SOURCE
> Task :buildSrc:pluginUnderTestMetadata UP-TO-DATE
> Task :buildSrc:compileTestJava NO-SOURCE
> Task :buildSrc:compileTestGroovy NO-SOURCE
> Task :buildSrc:processTestResources NO-SOURCE
> Task :buildSrc:testClasses UP-TO-DATE
> Task :buildSrc:test NO-SOURCE
> Task :buildSrc:validatePlugins UP-TO-DATE
> Task :buildSrc:check UP-TO-DATE
> Task :buildSrc:build UP-TO-DATE

> Configure project :plugin
WARNING: Unsupported Kotlin plugin version.
The `embedded-kotlin` and `kotlin-dsl` plugins rely on features of Kotlin `1.4.20` that might work differently than in the requested version `1.4.21`.

> Task :compileKotlin NO-SOURCE
> Task :compileJava NO-SOURCE
> Task :processResources NO-SOURCE
> Task :classes UP-TO-DATE
> Task :inspectClassesForKotlinIC
> Task :jar
> Task :assemble
> Task :specs:compileKotlin FROM-CACHE
> Task :specs:compileJava NO-SOURCE
> Task :specs:processResources NO-SOURCE
> Task :specs:classes UP-TO-DATE
> Task :specs:inspectClassesForKotlinIC
> Task :specs:jar
> Task :specs:assemble
> Task :plugin:compileKotlin FROM-CACHE
> Task :plugin:compileJava NO-SOURCE
> Task :plugin:pluginDescriptors
> Task :plugin:processResources
> Task :plugin:classes
> Task :plugin:inspectClassesForKotlinIC
> Task :plugin:jar
> Task :plugin:publishPluginJar
> Task :plugin:javadoc NO-SOURCE
> Task :plugin:publishPluginJavaDocsJar
> Task :plugin:assemble

BUILD SUCCESSFUL in 362ms
12 actionable tasks: 10 executed, 2 from cache

Publishing build scan...
https://gradle.com/s/guhklgw5pcv2c

Used daemon with pid 52728
Execution time 741 ms

* Running cleanup for measured build #3
> Task :buildSrc:extractPrecompiledScriptPluginPlugins UP-TO-DATE
> Task :buildSrc:generateExternalPluginSpecBuilders UP-TO-DATE
> Task :buildSrc:compilePluginsBlocks UP-TO-DATE
> Task :buildSrc:generatePrecompiledScriptPluginAccessors UP-TO-DATE
> Task :buildSrc:configurePrecompiledScriptDependenciesResolver
> Task :buildSrc:generateScriptPluginAdapters UP-TO-DATE
> Task :buildSrc:compileKotlin UP-TO-DATE
> Task :buildSrc:compileJava NO-SOURCE
> Task :buildSrc:compileGroovy NO-SOURCE
> Task :buildSrc:pluginDescriptors UP-TO-DATE
> Task :buildSrc:processResources UP-TO-DATE
> Task :buildSrc:classes UP-TO-DATE
> Task :buildSrc:inspectClassesForKotlinIC UP-TO-DATE
> Task :buildSrc:jar UP-TO-DATE
> Task :buildSrc:assemble UP-TO-DATE
> Task :buildSrc:compileTestKotlin NO-SOURCE
> Task :buildSrc:pluginUnderTestMetadata UP-TO-DATE
> Task :buildSrc:compileTestJava NO-SOURCE
> Task :buildSrc:compileTestGroovy NO-SOURCE
> Task :buildSrc:processTestResources NO-SOURCE
> Task :buildSrc:testClasses UP-TO-DATE
> Task :buildSrc:test NO-SOURCE
> Task :buildSrc:validatePlugins UP-TO-DATE
> Task :buildSrc:check UP-TO-DATE
> Task :buildSrc:build UP-TO-DATE

> Configure project :plugin
WARNING: Unsupported Kotlin plugin version.
The `embedded-kotlin` and `kotlin-dsl` plugins rely on features of Kotlin `1.4.20` that might work differently than in the requested version `1.4.21`.

> Task :clean
> Task :specs:clean
> Task :plugin:clean

BUILD SUCCESSFUL in 210ms
3 actionable tasks: 3 executed

Publishing build scan...
https://gradle.com/s/si4zdv6spmfks

Used daemon with pid 52728

* Running measured build #3
> Task :buildSrc:extractPrecompiledScriptPluginPlugins UP-TO-DATE
> Task :buildSrc:generateExternalPluginSpecBuilders UP-TO-DATE
> Task :buildSrc:compilePluginsBlocks UP-TO-DATE
> Task :buildSrc:generatePrecompiledScriptPluginAccessors UP-TO-DATE
> Task :buildSrc:configurePrecompiledScriptDependenciesResolver
> Task :buildSrc:generateScriptPluginAdapters UP-TO-DATE
> Task :buildSrc:compileKotlin UP-TO-DATE
> Task :buildSrc:compileJava NO-SOURCE
> Task :buildSrc:compileGroovy NO-SOURCE
> Task :buildSrc:pluginDescriptors UP-TO-DATE
> Task :buildSrc:processResources UP-TO-DATE
> Task :buildSrc:classes UP-TO-DATE
> Task :buildSrc:inspectClassesForKotlinIC UP-TO-DATE
> Task :buildSrc:jar UP-TO-DATE
> Task :buildSrc:assemble UP-TO-DATE
> Task :buildSrc:compileTestKotlin NO-SOURCE
> Task :buildSrc:pluginUnderTestMetadata UP-TO-DATE
> Task :buildSrc:compileTestJava NO-SOURCE
> Task :buildSrc:compileTestGroovy NO-SOURCE
> Task :buildSrc:processTestResources NO-SOURCE
> Task :buildSrc:testClasses UP-TO-DATE
> Task :buildSrc:test NO-SOURCE
> Task :buildSrc:validatePlugins UP-TO-DATE
> Task :buildSrc:check UP-TO-DATE
> Task :buildSrc:build UP-TO-DATE

> Configure project :plugin
WARNING: Unsupported Kotlin plugin version.
The `embedded-kotlin` and `kotlin-dsl` plugins rely on features of Kotlin `1.4.20` that might work differently than in the requested version `1.4.21`.

> Task :compileKotlin NO-SOURCE
> Task :compileJava NO-SOURCE
> Task :processResources NO-SOURCE
> Task :classes UP-TO-DATE
> Task :inspectClassesForKotlinIC
> Task :jar
> Task :assemble
> Task :specs:compileKotlin FROM-CACHE
> Task :specs:compileJava NO-SOURCE
> Task :specs:processResources NO-SOURCE
> Task :specs:classes UP-TO-DATE
> Task :specs:inspectClassesForKotlinIC
> Task :specs:jar
> Task :specs:assemble
> Task :plugin:compileKotlin FROM-CACHE
> Task :plugin:compileJava NO-SOURCE
> Task :plugin:pluginDescriptors
> Task :plugin:processResources
> Task :plugin:classes
> Task :plugin:inspectClassesForKotlinIC
> Task :plugin:jar
> Task :plugin:publishPluginJar
> Task :plugin:javadoc NO-SOURCE
> Task :plugin:publishPluginJavaDocsJar
> Task :plugin:assemble

BUILD SUCCESSFUL in 311ms
12 actionable tasks: 10 executed, 2 from cache

Publishing build scan...
https://gradle.com/s/vcarag37pmezw

Used daemon with pid 52728
Execution time 707 ms

* Stopping daemons
Running command /Users/rbusarow/actions-runner/_work/ModuleCheck/ModuleCheck/gradle/profiler/gradle-user-home/wrapper/dists/gradle-6.8-bin/1jblhjyydfkclfzx1agp92nyl/gradle-6.8/bin/gradle --stop --gradle-user-home /Users/rbusarow/actions-runner/_work/ModuleCheck/ModuleCheck/./gradle/profiler/gradle-user-home
Stopping Daemon(s)
1 Daemon stopped

* Results written to /Users/rbusarow/actions-runner/_work/ModuleCheck/ModuleCheck/./gradle/profiler/reports/clean_build_debug/profile_01-24-2021_16:29
  /Users/rbusarow/actions-runner/_work/ModuleCheck/ModuleCheck/./gradle/profiler/reports/clean_build_debug/profile_01-24-2021_16:29/benchmark.csv
  /Users/rbusarow/actions-runner/_work/ModuleCheck/ModuleCheck/./gradle/profiler/reports/clean_build_debug/profile_01-24-2021_16:29/benchmark.html

